2019-09-11 19:57:01,108 INFO org.apache.hadoop.hdfs.server.namenode.NameNode: STARTUP_MSG: 
/************************************************************
STARTUP_MSG: Starting NameNode
STARTUP_MSG:   host = vamsi/127.0.1.1
STARTUP_MSG:   args = []
STARTUP_MSG:   version = 2.9.2
STARTUP_MSG:   classpath = /usr/local/hadoop/etc/hadoop:/usr/local/hadoop/share/hadoop/common/lib/mockito-all-1.8.5.jar:/usr/local/hadoop/share/hadoop/common/lib/commons-cli-1.2.jar:/usr/local/hadoop/share/hadoop/common/lib/httpclient-4.5.2.jar:/usr/local/hadoop/share/hadoop/common/lib/stax-api-1.0-2.jar:/usr/local/hadoop/share/hadoop/common/lib/jackson-jaxrs-1.9.13.jar:/usr/local/hadoop/share/hadoop/common/lib/nimbus-jose-jwt-4.41.1.jar:/usr/local/hadoop/share/hadoop/common/lib/jsch-0.1.54.jar:/usr/local/hadoop/share/hadoop/common/lib/snappy-java-1.0.5.jar:/usr/local/hadoop/share/hadoop/common/lib/commons-collections-3.2.2.jar:/usr/local/hadoop/share/hadoop/common/lib/jsp-api-2.1.jar:/usr/local/hadoop/share/hadoop/common/lib/jettison-1.1.jar:/usr/local/hadoop/share/hadoop/common/lib/commons-math3-3.1.1.jar:/usr/local/hadoop/share/hadoop/common/lib/commons-io-2.4.jar:/usr/local/hadoop/share/hadoop/common/lib/jackson-mapper-asl-1.9.13.jar:/usr/local/hadoop/share/hadoop/common/lib/commons-beanutils-1.7.0.jar:/usr/local/hadoop/share/hadoop/common/lib/jetty-util-6.1.26.jar:/usr/local/hadoop/share/hadoop/common/lib/commons-lang3-3.4.jar:/usr/local/hadoop/share/hadoop/common/lib/slf4j-api-1.7.25.jar:/usr/local/hadoop/share/hadoop/common/lib/log4j-1.2.17.jar:/usr/local/hadoop/share/hadoop/common/lib/jersey-core-1.9.jar:/usr/local/hadoop/share/hadoop/common/lib/curator-framework-2.7.1.jar:/usr/local/hadoop/share/hadoop/common/lib/guava-11.0.2.jar:/usr/local/hadoop/share/hadoop/common/lib/jetty-6.1.26.jar:/usr/local/hadoop/share/hadoop/common/lib/jcip-annotations-1.0-1.jar:/usr/local/hadoop/share/hadoop/common/lib/xmlenc-0.52.jar:/usr/local/hadoop/share/hadoop/common/lib/jaxb-api-2.2.2.jar:/usr/local/hadoop/share/hadoop/common/lib/activation-1.1.jar:/usr/local/hadoop/share/hadoop/common/lib/apacheds-kerberos-codec-2.0.0-M15.jar:/usr/local/hadoop/share/hadoop/common/lib/httpcore-4.4.4.jar:/usr/local/hadoop/share/hadoop/common/lib/curator-recipes-2.7.1.jar:/usr/local/hadoop/share/hadoop/common/lib/jaxb-impl-2.2.3-1.jar:/usr/local/hadoop/share/hadoop/common/lib/jetty-sslengine-6.1.26.jar:/usr/local/hadoop/share/hadoop/common/lib/servlet-api-2.5.jar:/usr/local/hadoop/share/hadoop/common/lib/json-smart-1.3.1.jar:/usr/local/hadoop/share/hadoop/common/lib/xz-1.0.jar:/usr/local/hadoop/share/hadoop/common/lib/avro-1.7.7.jar:/usr/local/hadoop/share/hadoop/common/lib/jsr305-3.0.0.jar:/usr/local/hadoop/share/hadoop/common/lib/jersey-json-1.9.jar:/usr/local/hadoop/share/hadoop/common/lib/commons-lang-2.6.jar:/usr/local/hadoop/share/hadoop/common/lib/woodstox-core-5.0.3.jar:/usr/local/hadoop/share/hadoop/common/lib/asm-3.2.jar:/usr/local/hadoop/share/hadoop/common/lib/netty-3.6.2.Final.jar:/usr/local/hadoop/share/hadoop/common/lib/jackson-core-asl-1.9.13.jar:/usr/local/hadoop/share/hadoop/common/lib/htrace-core4-4.1.0-incubating.jar:/usr/local/hadoop/share/hadoop/common/lib/hamcrest-core-1.3.jar:/usr/local/hadoop/share/hadoop/common/lib/curator-client-2.7.1.jar:/usr/local/hadoop/share/hadoop/common/lib/slf4j-log4j12-1.7.25.jar:/usr/local/hadoop/share/hadoop/common/lib/commons-codec-1.4.jar:/usr/local/hadoop/share/hadoop/common/lib/commons-net-3.1.jar:/usr/local/hadoop/share/hadoop/common/lib/hadoop-annotations-2.9.2.jar:/usr/local/hadoop/share/hadoop/common/lib/hadoop-auth-2.9.2.jar:/usr/local/hadoop/share/hadoop/common/lib/commons-compress-1.4.1.jar:/usr/local/hadoop/share/hadoop/common/lib/commons-digester-1.8.jar:/usr/local/hadoop/share/hadoop/common/lib/jets3t-0.9.0.jar:/usr/local/hadoop/share/hadoop/common/lib/paranamer-2.3.jar:/usr/local/hadoop/share/hadoop/common/lib/protobuf-java-2.5.0.jar:/usr/local/hadoop/share/hadoop/common/lib/commons-logging-1.1.3.jar:/usr/local/hadoop/share/hadoop/common/lib/api-asn1-api-1.0.0-M20.jar:/usr/local/hadoop/share/hadoop/common/lib/java-xmlbuilder-0.4.jar:/usr/local/hadoop/share/hadoop/common/lib/apacheds-i18n-2.0.0-M15.jar:/usr/local/hadoop/share/hadoop/common/lib/gson-2.2.4.jar:/usr/local/hadoop/share/hadoop/common/lib/commons-configuration-1.6.jar:/usr/local/hadoop/share/hadoop/common/lib/junit-4.11.jar:/usr/local/hadoop/share/hadoop/common/lib/api-util-1.0.0-M20.jar:/usr/local/hadoop/share/hadoop/common/lib/jackson-xc-1.9.13.jar:/usr/local/hadoop/share/hadoop/common/lib/commons-beanutils-core-1.8.0.jar:/usr/local/hadoop/share/hadoop/common/lib/jersey-server-1.9.jar:/usr/local/hadoop/share/hadoop/common/lib/zookeeper-3.4.6.jar:/usr/local/hadoop/share/hadoop/common/lib/stax2-api-3.1.4.jar:/usr/local/hadoop/share/hadoop/common/hadoop-common-2.9.2.jar:/usr/local/hadoop/share/hadoop/common/hadoop-common-2.9.2-tests.jar:/usr/local/hadoop/share/hadoop/common/hadoop-nfs-2.9.2.jar:/usr/local/hadoop/share/hadoop/hdfs:/usr/local/hadoop/share/hadoop/hdfs/lib/commons-cli-1.2.jar:/usr/local/hadoop/share/hadoop/hdfs/lib/okhttp-2.7.5.jar:/usr/local/hadoop/share/hadoop/hdfs/lib/jackson-databind-2.7.8.jar:/usr/local/hadoop/share/hadoop/hdfs/lib/commons-io-2.4.jar:/usr/local/hadoop/share/hadoop/hdfs/lib/jackson-mapper-asl-1.9.13.jar:/usr/local/hadoop/share/hadoop/hdfs/lib/jetty-util-6.1.26.jar:/usr/local/hadoop/share/hadoop/hdfs/lib/leveldbjni-all-1.8.jar:/usr/local/hadoop/share/hadoop/hdfs/lib/jackson-annotations-2.7.8.jar:/usr/local/hadoop/share/hadoop/hdfs/lib/log4j-1.2.17.jar:/usr/local/hadoop/share/hadoop/hdfs/lib/jersey-core-1.9.jar:/usr/local/hadoop/share/hadoop/hdfs/lib/guava-11.0.2.jar:/usr/local/hadoop/share/hadoop/hdfs/lib/jetty-6.1.26.jar:/usr/local/hadoop/share/hadoop/hdfs/lib/xmlenc-0.52.jar:/usr/local/hadoop/share/hadoop/hdfs/lib/servlet-api-2.5.jar:/usr/local/hadoop/share/hadoop/hdfs/lib/jsr305-3.0.0.jar:/usr/local/hadoop/share/hadoop/hdfs/lib/okio-1.6.0.jar:/usr/local/hadoop/share/hadoop/hdfs/lib/commons-lang-2.6.jar:/usr/local/hadoop/share/hadoop/hdfs/lib/asm-3.2.jar:/usr/local/hadoop/share/hadoop/hdfs/lib/netty-3.6.2.Final.jar:/usr/local/hadoop/share/hadoop/hdfs/lib/jackson-core-asl-1.9.13.jar:/usr/local/hadoop/share/hadoop/hdfs/lib/htrace-core4-4.1.0-incubating.jar:/usr/local/hadoop/share/hadoop/hdfs/lib/commons-codec-1.4.jar:/usr/local/hadoop/share/hadoop/hdfs/lib/netty-all-4.0.23.Final.jar:/usr/local/hadoop/share/hadoop/hdfs/lib/jackson-core-2.7.8.jar:/usr/local/hadoop/share/hadoop/hdfs/lib/protobuf-java-2.5.0.jar:/usr/local/hadoop/share/hadoop/hdfs/lib/commons-logging-1.1.3.jar:/usr/local/hadoop/share/hadoop/hdfs/lib/xercesImpl-2.9.1.jar:/usr/local/hadoop/share/hadoop/hdfs/lib/commons-daemon-1.0.13.jar:/usr/local/hadoop/share/hadoop/hdfs/lib/jersey-server-1.9.jar:/usr/local/hadoop/share/hadoop/hdfs/lib/hadoop-hdfs-client-2.9.2.jar:/usr/local/hadoop/share/hadoop/hdfs/lib/xml-apis-1.3.04.jar:/usr/local/hadoop/share/hadoop/hdfs/hadoop-hdfs-2.9.2.jar:/usr/local/hadoop/share/hadoop/hdfs/hadoop-hdfs-rbf-2.9.2-tests.jar:/usr/local/hadoop/share/hadoop/hdfs/hadoop-hdfs-2.9.2-tests.jar:/usr/local/hadoop/share/hadoop/hdfs/hadoop-hdfs-native-client-2.9.2.jar:/usr/local/hadoop/share/hadoop/hdfs/hadoop-hdfs-client-2.9.2-tests.jar:/usr/local/hadoop/share/hadoop/hdfs/hadoop-hdfs-nfs-2.9.2.jar:/usr/local/hadoop/share/hadoop/hdfs/hadoop-hdfs-native-client-2.9.2-tests.jar:/usr/local/hadoop/share/hadoop/hdfs/hadoop-hdfs-client-2.9.2.jar:/usr/local/hadoop/share/hadoop/hdfs/hadoop-hdfs-rbf-2.9.2.jar:/usr/local/hadoop/share/hadoop/yarn:/usr/local/hadoop/share/hadoop/yarn/lib/commons-cli-1.2.jar:/usr/local/hadoop/share/hadoop/yarn/lib/httpclient-4.5.2.jar:/usr/local/hadoop/share/hadoop/yarn/lib/stax-api-1.0-2.jar:/usr/local/hadoop/share/hadoop/yarn/lib/jackson-jaxrs-1.9.13.jar:/usr/local/hadoop/share/hadoop/yarn/lib/javax.inject-1.jar:/usr/local/hadoop/share/hadoop/yarn/lib/aopalliance-1.0.jar:/usr/local/hadoop/share/hadoop/yarn/lib/nimbus-jose-jwt-4.41.1.jar:/usr/local/hadoop/share/hadoop/yarn/lib/jsch-0.1.54.jar:/usr/local/hadoop/share/hadoop/yarn/lib/snappy-java-1.0.5.jar:/usr/local/hadoop/share/hadoop/yarn/lib/commons-collections-3.2.2.jar:/usr/local/hadoop/share/hadoop/yarn/lib/ehcache-3.3.1.jar:/usr/local/hadoop/share/hadoop/yarn/lib/jsp-api-2.1.jar:/usr/local/hadoop/share/hadoop/yarn/lib/jettison-1.1.jar:/usr/local/hadoop/share/hadoop/yarn/lib/commons-math3-3.1.1.jar:/usr/local/hadoop/share/hadoop/yarn/lib/commons-io-2.4.jar:/usr/local/hadoop/share/hadoop/yarn/lib/jackson-mapper-asl-1.9.13.jar:/usr/local/hadoop/share/hadoop/yarn/lib/commons-beanutils-1.7.0.jar:/usr/local/hadoop/share/hadoop/yarn/lib/jetty-util-6.1.26.jar:/usr/local/hadoop/share/hadoop/yarn/lib/commons-lang3-3.4.jar:/usr/local/hadoop/share/hadoop/yarn/lib/guice-3.0.jar:/usr/local/hadoop/share/hadoop/yarn/lib/leveldbjni-all-1.8.jar:/usr/local/hadoop/share/hadoop/yarn/lib/log4j-1.2.17.jar:/usr/local/hadoop/share/hadoop/yarn/lib/jersey-core-1.9.jar:/usr/local/hadoop/share/hadoop/yarn/lib/curator-framework-2.7.1.jar:/usr/local/hadoop/share/hadoop/yarn/lib/guava-11.0.2.jar:/usr/local/hadoop/share/hadoop/yarn/lib/jetty-6.1.26.jar:/usr/local/hadoop/share/hadoop/yarn/lib/jcip-annotations-1.0-1.jar:/usr/local/hadoop/share/hadoop/yarn/lib/xmlenc-0.52.jar:/usr/local/hadoop/share/hadoop/yarn/lib/jaxb-api-2.2.2.jar:/usr/local/hadoop/share/hadoop/yarn/lib/java-util-1.9.0.jar:/usr/local/hadoop/share/hadoop/yarn/lib/mssql-jdbc-6.2.1.jre7.jar:/usr/local/hadoop/share/hadoop/yarn/lib/activation-1.1.jar:/usr/local/hadoop/share/hadoop/yarn/lib/apacheds-kerberos-codec-2.0.0-M15.jar:/usr/local/hadoop/share/hadoop/yarn/lib/httpcore-4.4.4.jar:/usr/local/hadoop/share/hadoop/yarn/lib/metrics-core-3.0.1.jar:/usr/local/hadoop/share/hadoop/yarn/lib/curator-recipes-2.7.1.jar:/usr/local/hadoop/share/hadoop/yarn/lib/HikariCP-java7-2.4.12.jar:/usr/local/hadoop/share/hadoop/yarn/lib/jaxb-impl-2.2.3-1.jar:/usr/local/hadoop/share/hadoop/yarn/lib/jetty-sslengine-6.1.26.jar:/usr/local/hadoop/share/hadoop/yarn/lib/servlet-api-2.5.jar:/usr/local/hadoop/share/hadoop/yarn/lib/json-smart-1.3.1.jar:/usr/local/hadoop/share/hadoop/yarn/lib/xz-1.0.jar:/usr/local/hadoop/share/hadoop/yarn/lib/avro-1.7.7.jar:/usr/local/hadoop/share/hadoop/yarn/lib/geronimo-jcache_1.0_spec-1.0-alpha-1.jar:/usr/local/hadoop/share/hadoop/yarn/lib/jsr305-3.0.0.jar:/usr/local/hadoop/share/hadoop/yarn/lib/jersey-json-1.9.jar:/usr/local/hadoop/share/hadoop/yarn/lib/commons-lang-2.6.jar:/usr/local/hadoop/share/hadoop/yarn/lib/woodstox-core-5.0.3.jar:/usr/local/hadoop/share/hadoop/yarn/lib/asm-3.2.jar:/usr/local/hadoop/share/hadoop/yarn/lib/netty-3.6.2.Final.jar:/usr/local/hadoop/share/hadoop/yarn/lib/jackson-core-asl-1.9.13.jar:/usr/local/hadoop/share/hadoop/yarn/lib/htrace-core4-4.1.0-incubating.jar:/usr/local/hadoop/share/hadoop/yarn/lib/curator-client-2.7.1.jar:/usr/local/hadoop/share/hadoop/yarn/lib/commons-codec-1.4.jar:/usr/local/hadoop/share/hadoop/yarn/lib/commons-net-3.1.jar:/usr/local/hadoop/share/hadoop/yarn/lib/commons-compress-1.4.1.jar:/usr/local/hadoop/share/hadoop/yarn/lib/commons-digester-1.8.jar:/usr/local/hadoop/share/hadoop/yarn/lib/jets3t-0.9.0.jar:/usr/local/hadoop/share/hadoop/yarn/lib/fst-2.50.jar:/usr/local/hadoop/share/hadoop/yarn/lib/paranamer-2.3.jar:/usr/local/hadoop/share/hadoop/yarn/lib/json-io-2.5.1.jar:/usr/local/hadoop/share/hadoop/yarn/lib/jersey-guice-1.9.jar:/usr/local/hadoop/share/hadoop/yarn/lib/protobuf-java-2.5.0.jar:/usr/local/hadoop/share/hadoop/yarn/lib/commons-logging-1.1.3.jar:/usr/local/hadoop/share/hadoop/yarn/lib/api-asn1-api-1.0.0-M20.jar:/usr/local/hadoop/share/hadoop/yarn/lib/java-xmlbuilder-0.4.jar:/usr/local/hadoop/share/hadoop/yarn/lib/jersey-client-1.9.jar:/usr/local/hadoop/share/hadoop/yarn/lib/apacheds-i18n-2.0.0-M15.jar:/usr/local/hadoop/share/hadoop/yarn/lib/gson-2.2.4.jar:/usr/local/hadoop/share/hadoop/yarn/lib/commons-configuration-1.6.jar:/usr/local/hadoop/share/hadoop/yarn/lib/api-util-1.0.0-M20.jar:/usr/local/hadoop/share/hadoop/yarn/lib/guice-servlet-3.0.jar:/usr/local/hadoop/share/hadoop/yarn/lib/jackson-xc-1.9.13.jar:/usr/local/hadoop/share/hadoop/yarn/lib/commons-beanutils-core-1.8.0.jar:/usr/local/hadoop/share/hadoop/yarn/lib/jersey-server-1.9.jar:/usr/local/hadoop/share/hadoop/yarn/lib/zookeeper-3.4.6.jar:/usr/local/hadoop/share/hadoop/yarn/lib/stax2-api-3.1.4.jar:/usr/local/hadoop/share/hadoop/yarn/hadoop-yarn-server-router-2.9.2.jar:/usr/local/hadoop/share/hadoop/yarn/hadoop-yarn-client-2.9.2.jar:/usr/local/hadoop/share/hadoop/yarn/hadoop-yarn-server-tests-2.9.2.jar:/usr/local/hadoop/share/hadoop/yarn/hadoop-yarn-api-2.9.2.jar:/usr/local/hadoop/share/hadoop/yarn/hadoop-yarn-server-applicationhistoryservice-2.9.2.jar:/usr/local/hadoop/share/hadoop/yarn/hadoop-yarn-registry-2.9.2.jar:/usr/local/hadoop/share/hadoop/yarn/hadoop-yarn-server-web-proxy-2.9.2.jar:/usr/local/hadoop/share/hadoop/yarn/hadoop-yarn-applications-distributedshell-2.9.2.jar:/usr/local/hadoop/share/hadoop/yarn/hadoop-yarn-server-timeline-pluginstorage-2.9.2.jar:/usr/local/hadoop/share/hadoop/yarn/hadoop-yarn-server-nodemanager-2.9.2.jar:/usr/local/hadoop/share/hadoop/yarn/hadoop-yarn-applications-unmanaged-am-launcher-2.9.2.jar:/usr/local/hadoop/share/hadoop/yarn/hadoop-yarn-common-2.9.2.jar:/usr/local/hadoop/share/hadoop/yarn/hadoop-yarn-server-resourcemanager-2.9.2.jar:/usr/local/hadoop/share/hadoop/yarn/hadoop-yarn-server-common-2.9.2.jar:/usr/local/hadoop/share/hadoop/yarn/hadoop-yarn-server-sharedcachemanager-2.9.2.jar:/usr/local/hadoop/share/hadoop/mapreduce/lib/javax.inject-1.jar:/usr/local/hadoop/share/hadoop/mapreduce/lib/aopalliance-1.0.jar:/usr/local/hadoop/share/hadoop/mapreduce/lib/snappy-java-1.0.5.jar:/usr/local/hadoop/share/hadoop/mapreduce/lib/commons-io-2.4.jar:/usr/local/hadoop/share/hadoop/mapreduce/lib/jackson-mapper-asl-1.9.13.jar:/usr/local/hadoop/share/hadoop/mapreduce/lib/guice-3.0.jar:/usr/local/hadoop/share/hadoop/mapreduce/lib/leveldbjni-all-1.8.jar:/usr/local/hadoop/share/hadoop/mapreduce/lib/log4j-1.2.17.jar:/usr/local/hadoop/share/hadoop/mapreduce/lib/jersey-core-1.9.jar:/usr/local/hadoop/share/hadoop/mapreduce/lib/xz-1.0.jar:/usr/local/hadoop/share/hadoop/mapreduce/lib/avro-1.7.7.jar:/usr/local/hadoop/share/hadoop/mapreduce/lib/asm-3.2.jar:/usr/local/hadoop/share/hadoop/mapreduce/lib/netty-3.6.2.Final.jar:/usr/local/hadoop/share/hadoop/mapreduce/lib/jackson-core-asl-1.9.13.jar:/usr/local/hadoop/share/hadoop/mapreduce/lib/hamcrest-core-1.3.jar:/usr/local/hadoop/share/hadoop/mapreduce/lib/hadoop-annotations-2.9.2.jar:/usr/local/hadoop/share/hadoop/mapreduce/lib/commons-compress-1.4.1.jar:/usr/local/hadoop/share/hadoop/mapreduce/lib/paranamer-2.3.jar:/usr/local/hadoop/share/hadoop/mapreduce/lib/jersey-guice-1.9.jar:/usr/local/hadoop/share/hadoop/mapreduce/lib/protobuf-java-2.5.0.jar:/usr/local/hadoop/share/hadoop/mapreduce/lib/junit-4.11.jar:/usr/local/hadoop/share/hadoop/mapreduce/lib/guice-servlet-3.0.jar:/usr/local/hadoop/share/hadoop/mapreduce/lib/jersey-server-1.9.jar:/usr/local/hadoop/share/hadoop/mapreduce/hadoop-mapreduce-client-jobclient-2.9.2.jar:/usr/local/hadoop/share/hadoop/mapreduce/hadoop-mapreduce-client-core-2.9.2.jar:/usr/local/hadoop/share/hadoop/mapreduce/hadoop-mapreduce-client-shuffle-2.9.2.jar:/usr/local/hadoop/share/hadoop/mapreduce/hadoop-mapreduce-client-app-2.9.2.jar:/usr/local/hadoop/share/hadoop/mapreduce/hadoop-mapreduce-client-common-2.9.2.jar:/usr/local/hadoop/share/hadoop/mapreduce/hadoop-mapreduce-client-hs-plugins-2.9.2.jar:/usr/local/hadoop/share/hadoop/mapreduce/hadoop-mapreduce-examples-2.9.2.jar:/usr/local/hadoop/share/hadoop/mapreduce/hadoop-mapreduce-client-hs-2.9.2.jar:/usr/local/hadoop/share/hadoop/mapreduce/hadoop-mapreduce-client-jobclient-2.9.2-tests.jar:/contrib/capacity-scheduler/*.jar:/contrib/capacity-scheduler/*.jar:/contrib/capacity-scheduler/*.jar
STARTUP_MSG:   build = https://git-wip-us.apache.org/repos/asf/hadoop.git -r 826afbeae31ca687bc2f8471dc841b66ed2c6704; compiled by 'ajisaka' on 2018-11-13T12:42Z
STARTUP_MSG:   java = 11.0.4
************************************************************/
2019-09-11 19:57:01,119 INFO org.apache.hadoop.hdfs.server.namenode.NameNode: registered UNIX signal handlers for [TERM, HUP, INT]
2019-09-11 19:57:01,272 INFO org.apache.hadoop.hdfs.server.namenode.NameNode: createNameNode []
2019-09-11 19:57:01,381 INFO org.apache.hadoop.metrics2.impl.MetricsConfig: loaded properties from hadoop-metrics2.properties
2019-09-11 19:57:01,622 INFO org.apache.hadoop.metrics2.impl.MetricsSystemImpl: Scheduled Metric snapshot period at 10 second(s).
2019-09-11 19:57:01,622 INFO org.apache.hadoop.metrics2.impl.MetricsSystemImpl: NameNode metrics system started
2019-09-11 19:57:01,647 INFO org.apache.hadoop.hdfs.server.namenode.NameNode: fs.defaultFS is hdfs://localhost:9000
2019-09-11 19:57:01,649 INFO org.apache.hadoop.hdfs.server.namenode.NameNode: Clients are to use localhost:9000 to access this namenode/service.
2019-09-11 19:57:01,921 INFO org.apache.hadoop.util.JvmPauseMonitor: Starting JVM pause monitor
2019-09-11 19:57:01,949 INFO org.apache.hadoop.hdfs.DFSUtil: Starting Web-server for hdfs at: http://0.0.0.0:50070
2019-09-11 19:57:02,013 INFO org.mortbay.log: Logging to org.slf4j.impl.Log4jLoggerAdapter(org.mortbay.log) via org.mortbay.log.Slf4jLog
2019-09-11 19:57:02,021 INFO org.apache.hadoop.security.authentication.server.AuthenticationFilter: Unable to initialize FileSignerSecretProvider, falling back to use random secrets.
2019-09-11 19:57:02,040 INFO org.apache.hadoop.http.HttpRequestLog: Http request log for http.requests.namenode is not defined
2019-09-11 19:57:02,049 INFO org.apache.hadoop.http.HttpServer2: Added global filter 'safety' (class=org.apache.hadoop.http.HttpServer2$QuotingInputFilter)
2019-09-11 19:57:02,052 INFO org.apache.hadoop.http.HttpServer2: Added filter static_user_filter (class=org.apache.hadoop.http.lib.StaticUserWebFilter$StaticUserFilter) to context hdfs
2019-09-11 19:57:02,052 INFO org.apache.hadoop.http.HttpServer2: Added filter static_user_filter (class=org.apache.hadoop.http.lib.StaticUserWebFilter$StaticUserFilter) to context static
2019-09-11 19:57:02,052 INFO org.apache.hadoop.http.HttpServer2: Added filter static_user_filter (class=org.apache.hadoop.http.lib.StaticUserWebFilter$StaticUserFilter) to context logs
2019-09-11 19:57:02,196 INFO org.apache.hadoop.http.HttpServer2: Added filter 'org.apache.hadoop.hdfs.web.AuthFilter' (class=org.apache.hadoop.hdfs.web.AuthFilter)
2019-09-11 19:57:02,196 INFO org.apache.hadoop.http.HttpServer2: addJerseyResourcePackage: packageName=org.apache.hadoop.hdfs.server.namenode.web.resources;org.apache.hadoop.hdfs.web.resources, pathSpec=/webhdfs/v1/*
2019-09-11 19:57:02,217 INFO org.apache.hadoop.http.HttpServer2: Jetty bound to port 50070
2019-09-11 19:57:02,218 INFO org.mortbay.log: jetty-6.1.26
2019-09-11 19:57:02,408 INFO org.mortbay.log: Started HttpServer2$SelectChannelConnectorWithSafeStartup@0.0.0.0:50070
2019-09-11 19:57:02,434 WARN org.apache.hadoop.hdfs.server.namenode.FSNamesystem: Only one image storage directory (dfs.namenode.name.dir) configured. Beware of data loss due to lack of redundant storage directories!
2019-09-11 19:57:02,434 WARN org.apache.hadoop.hdfs.server.namenode.FSNamesystem: Only one namespace edits storage directory (dfs.namenode.edits.dir) configured. Beware of data loss due to lack of redundant storage directories!
2019-09-11 19:57:02,468 INFO org.apache.hadoop.hdfs.server.namenode.FSEditLog: Edit logging is async:true
2019-09-11 19:57:02,508 INFO org.apache.hadoop.hdfs.server.namenode.FSNamesystem: KeyProvider: null
2019-09-11 19:57:02,510 INFO org.apache.hadoop.hdfs.server.namenode.FSNamesystem: fsLock is fair: true
2019-09-11 19:57:02,510 INFO org.apache.hadoop.hdfs.server.namenode.FSNamesystem: Detailed lock hold time metrics enabled: false
2019-09-11 19:57:02,540 INFO org.apache.hadoop.hdfs.server.namenode.FSNamesystem: fsOwner             = hduser (auth:SIMPLE)
2019-09-11 19:57:02,540 INFO org.apache.hadoop.hdfs.server.namenode.FSNamesystem: supergroup          = supergroup
2019-09-11 19:57:02,540 INFO org.apache.hadoop.hdfs.server.namenode.FSNamesystem: isPermissionEnabled = true
2019-09-11 19:57:02,541 INFO org.apache.hadoop.hdfs.server.namenode.FSNamesystem: HA Enabled: false
2019-09-11 19:57:02,565 INFO org.apache.hadoop.hdfs.server.common.Util: dfs.datanode.fileio.profiling.sampling.percentage set to 0. Disabling file IO profiling
2019-09-11 19:57:02,581 INFO org.apache.hadoop.hdfs.server.blockmanagement.DatanodeManager: dfs.block.invalidate.limit: configured=1000, counted=60, effected=1000
2019-09-11 19:57:02,581 INFO org.apache.hadoop.hdfs.server.blockmanagement.DatanodeManager: dfs.namenode.datanode.registration.ip-hostname-check=true
2019-09-11 19:57:02,586 INFO org.apache.hadoop.hdfs.server.blockmanagement.BlockManager: dfs.namenode.startup.delay.block.deletion.sec is set to 000:00:00:00.000
2019-09-11 19:57:02,587 INFO org.apache.hadoop.hdfs.server.blockmanagement.BlockManager: The block deletion will start around 2019 Sep 11 19:57:02
2019-09-11 19:57:02,588 INFO org.apache.hadoop.util.GSet: Computing capacity for map BlocksMap
2019-09-11 19:57:02,588 INFO org.apache.hadoop.util.GSet: VM type       = 64-bit
2019-09-11 19:57:02,589 INFO org.apache.hadoop.util.GSet: 2.0% max memory 1000 MB = 20 MB
2019-09-11 19:57:02,589 INFO org.apache.hadoop.util.GSet: capacity      = 2^21 = 2097152 entries
2019-09-11 19:57:02,609 INFO org.apache.hadoop.hdfs.server.blockmanagement.BlockManager: dfs.block.access.token.enable=false
2019-09-11 19:57:02,609 WARN org.apache.hadoop.conf.Configuration: No unit for dfs.heartbeat.interval(3) assuming SECONDS
2019-09-11 19:57:02,613 WARN org.apache.hadoop.conf.Configuration: No unit for dfs.namenode.safemode.extension(30000) assuming MILLISECONDS
2019-09-11 19:57:02,613 INFO org.apache.hadoop.hdfs.server.blockmanagement.BlockManagerSafeMode: dfs.namenode.safemode.threshold-pct = 0.9990000128746033
2019-09-11 19:57:02,613 INFO org.apache.hadoop.hdfs.server.blockmanagement.BlockManagerSafeMode: dfs.namenode.safemode.min.datanodes = 0
2019-09-11 19:57:02,613 INFO org.apache.hadoop.hdfs.server.blockmanagement.BlockManagerSafeMode: dfs.namenode.safemode.extension = 30000
2019-09-11 19:57:02,613 INFO org.apache.hadoop.hdfs.server.blockmanagement.BlockManager: defaultReplication         = 1
2019-09-11 19:57:02,613 INFO org.apache.hadoop.hdfs.server.blockmanagement.BlockManager: maxReplication             = 512
2019-09-11 19:57:02,613 INFO org.apache.hadoop.hdfs.server.blockmanagement.BlockManager: minReplication             = 1
2019-09-11 19:57:02,613 INFO org.apache.hadoop.hdfs.server.blockmanagement.BlockManager: maxReplicationStreams      = 2
2019-09-11 19:57:02,613 INFO org.apache.hadoop.hdfs.server.blockmanagement.BlockManager: replicationRecheckInterval = 3000
2019-09-11 19:57:02,613 INFO org.apache.hadoop.hdfs.server.blockmanagement.BlockManager: encryptDataTransfer        = false
2019-09-11 19:57:02,613 INFO org.apache.hadoop.hdfs.server.blockmanagement.BlockManager: maxNumBlocksToLog          = 1000
2019-09-11 19:57:02,615 INFO org.apache.hadoop.hdfs.server.namenode.FSNamesystem: Append Enabled: true
2019-09-11 19:57:02,680 INFO org.apache.hadoop.hdfs.server.namenode.FSDirectory: GLOBAL serial map: bits=24 maxEntries=16777215
2019-09-11 19:57:02,695 INFO org.apache.hadoop.util.GSet: Computing capacity for map INodeMap
2019-09-11 19:57:02,695 INFO org.apache.hadoop.util.GSet: VM type       = 64-bit
2019-09-11 19:57:02,695 INFO org.apache.hadoop.util.GSet: 1.0% max memory 1000 MB = 10 MB
2019-09-11 19:57:02,695 INFO org.apache.hadoop.util.GSet: capacity      = 2^20 = 1048576 entries
2019-09-11 19:57:02,697 INFO org.apache.hadoop.hdfs.server.namenode.FSDirectory: ACLs enabled? false
2019-09-11 19:57:02,697 INFO org.apache.hadoop.hdfs.server.namenode.FSDirectory: XAttrs enabled? true
2019-09-11 19:57:02,697 INFO org.apache.hadoop.hdfs.server.namenode.NameNode: Caching file names occurring more than 10 times
2019-09-11 19:57:02,700 INFO org.apache.hadoop.hdfs.server.namenode.snapshot.SnapshotManager: Loaded config captureOpenFiles: falseskipCaptureAccessTimeOnlyChange: false
2019-09-11 19:57:02,705 INFO org.apache.hadoop.util.GSet: Computing capacity for map cachedBlocks
2019-09-11 19:57:02,705 INFO org.apache.hadoop.util.GSet: VM type       = 64-bit
2019-09-11 19:57:02,706 INFO org.apache.hadoop.util.GSet: 0.25% max memory 1000 MB = 2.5 MB
2019-09-11 19:57:02,706 INFO org.apache.hadoop.util.GSet: capacity      = 2^18 = 262144 entries
2019-09-11 19:57:02,713 INFO org.apache.hadoop.hdfs.server.namenode.top.metrics.TopMetrics: NNTop conf: dfs.namenode.top.window.num.buckets = 10
2019-09-11 19:57:02,714 INFO org.apache.hadoop.hdfs.server.namenode.top.metrics.TopMetrics: NNTop conf: dfs.namenode.top.num.users = 10
2019-09-11 19:57:02,714 INFO org.apache.hadoop.hdfs.server.namenode.top.metrics.TopMetrics: NNTop conf: dfs.namenode.top.windows.minutes = 1,5,25
2019-09-11 19:57:02,720 INFO org.apache.hadoop.hdfs.server.namenode.FSNamesystem: Retry cache on namenode is enabled
2019-09-11 19:57:02,720 INFO org.apache.hadoop.hdfs.server.namenode.FSNamesystem: Retry cache will use 0.03 of total heap and retry cache entry expiry time is 600000 millis
2019-09-11 19:57:02,722 INFO org.apache.hadoop.util.GSet: Computing capacity for map NameNodeRetryCache
2019-09-11 19:57:02,722 INFO org.apache.hadoop.util.GSet: VM type       = 64-bit
2019-09-11 19:57:02,722 INFO org.apache.hadoop.util.GSet: 0.029999999329447746% max memory 1000 MB = 307.2 KB
2019-09-11 19:57:02,722 INFO org.apache.hadoop.util.GSet: capacity      = 2^15 = 32768 entries
2019-09-11 19:57:02,743 INFO org.apache.hadoop.hdfs.server.common.Storage: Lock on /usr/local/hadoop_tmp/hdfs/namenode/in_use.lock acquired by nodename 11359@vamsi
2019-09-11 19:57:02,761 INFO org.apache.hadoop.hdfs.server.namenode.FileJournalManager: Recovering unfinalized segments in /usr/local/hadoop_tmp/hdfs/namenode/current
2019-09-11 19:57:02,762 INFO org.apache.hadoop.hdfs.server.namenode.FSImage: No edit log streams selected.
2019-09-11 19:57:02,762 INFO org.apache.hadoop.hdfs.server.namenode.FSImage: Planning to load image: FSImageFile(file=/usr/local/hadoop_tmp/hdfs/namenode/current/fsimage_0000000000000000000, cpktTxId=0000000000000000000)
2019-09-11 19:57:02,798 INFO org.apache.hadoop.hdfs.server.namenode.FSImageFormatPBINode: Loading 1 INodes.
2019-09-11 19:57:02,829 INFO org.apache.hadoop.hdfs.server.namenode.FSImageFormatProtobuf: Loaded FSImage in 0 seconds.
2019-09-11 19:57:02,829 INFO org.apache.hadoop.hdfs.server.namenode.FSImage: Loaded image for txid 0 from /usr/local/hadoop_tmp/hdfs/namenode/current/fsimage_0000000000000000000
2019-09-11 19:57:02,835 INFO org.apache.hadoop.hdfs.server.namenode.FSNamesystem: Need to save fs image? false (staleImage=false, haEnabled=false, isRollingUpgrade=false)
2019-09-11 19:57:02,835 INFO org.apache.hadoop.hdfs.server.namenode.FSEditLog: Starting log segment at 1
2019-09-11 19:57:03,037 INFO org.apache.hadoop.hdfs.server.namenode.NameCache: initialized with 0 entries 0 lookups
2019-09-11 19:57:03,038 INFO org.apache.hadoop.hdfs.server.namenode.FSNamesystem: Finished loading FSImage in 312 msecs
2019-09-11 19:57:03,185 INFO org.apache.hadoop.hdfs.server.namenode.NameNode: RPC server is binding to localhost:9000
2019-09-11 19:57:03,191 INFO org.apache.hadoop.ipc.CallQueueManager: Using callQueue: class java.util.concurrent.LinkedBlockingQueue queueCapacity: 1000 scheduler: class org.apache.hadoop.ipc.DefaultRpcScheduler
2019-09-11 19:57:03,220 INFO org.apache.hadoop.ipc.Server: Starting Socket Reader #1 for port 9000
2019-09-11 19:57:03,286 INFO org.apache.hadoop.hdfs.server.namenode.FSNamesystem: Registered FSNamesystemState MBean
2019-09-11 19:57:03,313 INFO org.apache.hadoop.hdfs.server.namenode.LeaseManager: Number of blocks under construction: 0
2019-09-11 19:57:03,325 INFO org.apache.hadoop.hdfs.server.blockmanagement.BlockManager: initializing replication queues
2019-09-11 19:57:03,326 INFO org.apache.hadoop.hdfs.StateChange: STATE* Leaving safe mode after 0 secs
2019-09-11 19:57:03,326 INFO org.apache.hadoop.hdfs.StateChange: STATE* Network topology has 0 racks and 0 datanodes
2019-09-11 19:57:03,326 INFO org.apache.hadoop.hdfs.StateChange: STATE* UnderReplicatedBlocks has 0 blocks
2019-09-11 19:57:03,353 INFO org.apache.hadoop.hdfs.server.blockmanagement.BlockManager: Total number of blocks            = 0
2019-09-11 19:57:03,354 INFO org.apache.hadoop.hdfs.server.blockmanagement.BlockManager: Number of invalid blocks          = 0
2019-09-11 19:57:03,354 INFO org.apache.hadoop.hdfs.server.blockmanagement.BlockManager: Number of under-replicated blocks = 0
2019-09-11 19:57:03,354 INFO org.apache.hadoop.hdfs.server.blockmanagement.BlockManager: Number of  over-replicated blocks = 0
2019-09-11 19:57:03,354 INFO org.apache.hadoop.hdfs.server.blockmanagement.BlockManager: Number of blocks being written    = 0
2019-09-11 19:57:03,354 INFO org.apache.hadoop.hdfs.StateChange: STATE* Replication Queue initialization scan for invalid, over- and under-replicated blocks completed in 28 msec
2019-09-11 19:57:03,363 INFO org.apache.hadoop.ipc.Server: IPC Server Responder: starting
2019-09-11 19:57:03,365 INFO org.apache.hadoop.ipc.Server: IPC Server listener on 9000: starting
2019-09-11 19:57:03,372 INFO org.apache.hadoop.hdfs.server.namenode.NameNode: NameNode RPC up at: localhost/127.0.0.1:9000
2019-09-11 19:57:03,377 INFO org.apache.hadoop.hdfs.server.namenode.FSNamesystem: Starting services required for active state
2019-09-11 19:57:03,377 INFO org.apache.hadoop.hdfs.server.namenode.FSDirectory: Initializing quota with 4 thread(s)
2019-09-11 19:57:03,386 INFO org.apache.hadoop.hdfs.server.namenode.FSDirectory: Quota initialization completed in 9 milliseconds
name space=1
storage space=0
storage types=RAM_DISK=0, SSD=0, DISK=0, ARCHIVE=0
2019-09-11 19:57:03,398 INFO org.apache.hadoop.hdfs.server.blockmanagement.CacheReplicationMonitor: Starting CacheReplicationMonitor with interval 30000 milliseconds
2019-09-11 19:57:08,404 INFO org.apache.hadoop.hdfs.StateChange: BLOCK* registerDatanode: from DatanodeRegistration(127.0.0.1:50010, datanodeUuid=ac111be7-e5e2-4739-a447-9a91e6526547, infoPort=50075, infoSecurePort=0, ipcPort=50020, storageInfo=lv=-57;cid=CID-dfff0f8e-4ab4-47af-a1ed-a4df13ecd9ae;nsid=1558390335;c=1568249781568) storage ac111be7-e5e2-4739-a447-9a91e6526547
2019-09-11 19:57:08,406 INFO org.apache.hadoop.net.NetworkTopology: Adding a new node: /default-rack/127.0.0.1:50010
2019-09-11 19:57:08,406 INFO org.apache.hadoop.hdfs.server.blockmanagement.BlockReportLeaseManager: Registered DN ac111be7-e5e2-4739-a447-9a91e6526547 (127.0.0.1:50010).
2019-09-11 19:57:08,468 INFO org.apache.hadoop.hdfs.server.blockmanagement.DatanodeDescriptor: Adding new storage ID DS-92ae1d52-441f-4ca2-a766-5ae2586caf79 for DN 127.0.0.1:50010
2019-09-11 19:57:08,502 INFO BlockStateChange: BLOCK* processReport 0xdfd50140cf9ddf61: Processing first storage report for DS-92ae1d52-441f-4ca2-a766-5ae2586caf79 from datanode ac111be7-e5e2-4739-a447-9a91e6526547
2019-09-11 19:57:08,504 INFO BlockStateChange: BLOCK* processReport 0xdfd50140cf9ddf61: from storage DS-92ae1d52-441f-4ca2-a766-5ae2586caf79 node DatanodeRegistration(127.0.0.1:50010, datanodeUuid=ac111be7-e5e2-4739-a447-9a91e6526547, infoPort=50075, infoSecurePort=0, ipcPort=50020, storageInfo=lv=-57;cid=CID-dfff0f8e-4ab4-47af-a1ed-a4df13ecd9ae;nsid=1558390335;c=1568249781568), blocks: 0, hasStaleStorage: false, processing time: 2 msecs, invalidatedBlocks: 0
2019-09-11 19:58:16,783 INFO org.apache.hadoop.hdfs.server.namenode.FSNamesystem: Roll Edit Log from 127.0.0.1
2019-09-11 19:58:16,783 INFO org.apache.hadoop.hdfs.server.namenode.FSEditLog: Rolling edit logs
2019-09-11 19:58:16,784 INFO org.apache.hadoop.hdfs.server.namenode.FSEditLog: Ending log segment 1, 1
2019-09-11 19:58:16,785 INFO org.apache.hadoop.hdfs.server.namenode.FSEditLog: Number of transactions: 2 Total time for transactions(ms): 4 Number of transactions batched in Syncs: 0 Number of syncs: 2 SyncTimes(ms): 40 
2019-09-11 19:58:16,792 INFO org.apache.hadoop.hdfs.server.namenode.FSEditLog: Number of transactions: 2 Total time for transactions(ms): 4 Number of transactions batched in Syncs: 0 Number of syncs: 3 SyncTimes(ms): 47 
2019-09-11 19:58:16,797 INFO org.apache.hadoop.hdfs.server.namenode.FileJournalManager: Finalizing edits file /usr/local/hadoop_tmp/hdfs/namenode/current/edits_inprogress_0000000000000000001 -> /usr/local/hadoop_tmp/hdfs/namenode/current/edits_0000000000000000001-0000000000000000002
2019-09-11 19:58:16,842 INFO org.apache.hadoop.hdfs.server.namenode.FSEditLog: Starting log segment at 3
2019-09-11 19:58:17,780 INFO org.apache.hadoop.hdfs.server.namenode.TransferFsImage: Sending fileName: /usr/local/hadoop_tmp/hdfs/namenode/current/fsimage_0000000000000000000, fileSize: 325. Sent total: 325 bytes. Size of last segment intended to send: -1 bytes.
2019-09-11 19:58:17,834 INFO org.apache.hadoop.hdfs.server.namenode.TransferFsImage: Sending fileName: /usr/local/hadoop_tmp/hdfs/namenode/current/edits_0000000000000000001-0000000000000000002, fileSize: 42. Sent total: 42 bytes. Size of last segment intended to send: -1 bytes.
2019-09-11 19:58:18,123 INFO org.apache.hadoop.hdfs.server.namenode.TransferFsImage: Combined time for fsimage download and fsync to all disks took 0.00s. The fsimage download took 0.00s at 0.00 KB/s. Synchronous (fsync) write to disk of /usr/local/hadoop_tmp/hdfs/namenode/current/fsimage.ckpt_0000000000000000002 took 0.00s.
2019-09-11 19:58:18,123 INFO org.apache.hadoop.hdfs.server.namenode.TransferFsImage: Downloaded file fsimage.ckpt_0000000000000000002 size 325 bytes.
2019-09-11 19:58:18,134 INFO org.apache.hadoop.hdfs.server.namenode.NNStorageRetentionManager: Going to retain 2 images with txid >= 0
2019-09-11 20:27:44,397 INFO org.apache.hadoop.hdfs.server.namenode.FSEditLog: Number of transactions: 2 Total time for transactions(ms): 15 Number of transactions batched in Syncs: 0 Number of syncs: 2 SyncTimes(ms): 31 
2019-09-11 20:30:51,164 INFO org.apache.hadoop.hdfs.server.namenode.FSEditLog: Number of transactions: 4 Total time for transactions(ms): 15 Number of transactions batched in Syncs: 0 Number of syncs: 4 SyncTimes(ms): 62 
2019-09-11 20:30:51,276 INFO org.apache.hadoop.hdfs.StateChange: BLOCK* allocate blk_1073741825_1001, replicas=127.0.0.1:50010 for /user/input/sample.txt._COPYING_
2019-09-11 20:30:51,511 INFO org.apache.hadoop.hdfs.server.namenode.FSNamesystem: BLOCK* blk_1073741825_1001 is COMMITTED but not COMPLETE(numNodes= 0 <  minimum = 1) in file /user/input/sample.txt._COPYING_
2019-09-11 20:30:51,920 INFO org.apache.hadoop.hdfs.StateChange: DIR* completeFile: /user/input/sample.txt._COPYING_ is closed by DFSClient_NONMAPREDUCE_465168229_1
2019-09-11 20:37:39,094 INFO org.apache.hadoop.hdfs.server.namenode.FSEditLog: Number of transactions: 15 Total time for transactions(ms): 18 Number of transactions batched in Syncs: 1 Number of syncs: 10 SyncTimes(ms): 77 
2019-09-11 20:37:39,478 INFO org.apache.hadoop.hdfs.StateChange: BLOCK* allocate blk_1073741826_1002, replicas=127.0.0.1:50010 for /tmp/hadoop-yarn/staging/hduser/.staging/job_1568249868484_0001/job.jar
2019-09-11 20:37:39,599 INFO org.apache.hadoop.hdfs.StateChange: DIR* completeFile: /tmp/hadoop-yarn/staging/hduser/.staging/job_1568249868484_0001/job.jar is closed by DFSClient_NONMAPREDUCE_131421478_1
2019-09-11 20:37:39,611 INFO org.apache.hadoop.hdfs.server.namenode.FSDirectory: Increasing replication from 1 to 10 for /tmp/hadoop-yarn/staging/hduser/.staging/job_1568249868484_0001/job.jar
2019-09-11 20:42:42,851 INFO org.apache.hadoop.hdfs.server.namenode.FSEditLog: Number of transactions: 26 Total time for transactions(ms): 18 Number of transactions batched in Syncs: 7 Number of syncs: 19 SyncTimes(ms): 138 
2019-09-11 20:42:42,964 INFO org.apache.hadoop.hdfs.StateChange: BLOCK* allocate blk_1073741827_1003, replicas=127.0.0.1:50010 for /tmp/hadoop-yarn/staging/hduser/.staging/job_1568249868484_0002/job.jar
2019-09-11 20:42:43,079 INFO org.apache.hadoop.hdfs.StateChange: DIR* completeFile: /tmp/hadoop-yarn/staging/hduser/.staging/job_1568249868484_0002/job.jar is closed by DFSClient_NONMAPREDUCE_-946214598_1
2019-09-11 20:42:43,089 INFO org.apache.hadoop.hdfs.server.namenode.FSDirectory: Increasing replication from 1 to 10 for /tmp/hadoop-yarn/staging/hduser/.staging/job_1568249868484_0002/job.jar
2019-09-11 20:42:43,185 INFO org.apache.hadoop.hdfs.server.namenode.FSDirectory: Increasing replication from 1 to 10 for /tmp/hadoop-yarn/staging/hduser/.staging/job_1568249868484_0002/job.split
2019-09-11 20:42:43,198 INFO org.apache.hadoop.hdfs.StateChange: BLOCK* allocate blk_1073741828_1004, replicas=127.0.0.1:50010 for /tmp/hadoop-yarn/staging/hduser/.staging/job_1568249868484_0002/job.split
2019-09-11 20:42:43,227 INFO org.apache.hadoop.hdfs.StateChange: DIR* completeFile: /tmp/hadoop-yarn/staging/hduser/.staging/job_1568249868484_0002/job.split is closed by DFSClient_NONMAPREDUCE_-946214598_1
2019-09-11 20:42:43,257 INFO org.apache.hadoop.hdfs.StateChange: BLOCK* allocate blk_1073741829_1005, replicas=127.0.0.1:50010 for /tmp/hadoop-yarn/staging/hduser/.staging/job_1568249868484_0002/job.splitmetainfo
2019-09-11 20:42:43,278 INFO org.apache.hadoop.hdfs.StateChange: DIR* completeFile: /tmp/hadoop-yarn/staging/hduser/.staging/job_1568249868484_0002/job.splitmetainfo is closed by DFSClient_NONMAPREDUCE_-946214598_1
2019-09-11 20:42:43,640 INFO org.apache.hadoop.hdfs.StateChange: BLOCK* allocate blk_1073741830_1006, replicas=127.0.0.1:50010 for /tmp/hadoop-yarn/staging/hduser/.staging/job_1568249868484_0002/job.xml
2019-09-11 20:42:43,688 INFO org.apache.hadoop.hdfs.StateChange: DIR* completeFile: /tmp/hadoop-yarn/staging/hduser/.staging/job_1568249868484_0002/job.xml is closed by DFSClient_NONMAPREDUCE_-946214598_1
2019-09-11 20:42:53,167 INFO org.apache.hadoop.hdfs.StateChange: BLOCK* allocate blk_1073741831_1007, replicas=127.0.0.1:50010 for /tmp/hadoop-yarn/staging/hduser/.staging/job_1568249868484_0002/job_1568249868484_0002_1_conf.xml
2019-09-11 20:42:53,222 INFO org.apache.hadoop.hdfs.StateChange: DIR* completeFile: /tmp/hadoop-yarn/staging/hduser/.staging/job_1568249868484_0002/job_1568249868484_0002_1_conf.xml is closed by DFSClient_NONMAPREDUCE_-415762048_1
2019-09-11 20:42:59,298 INFO org.apache.hadoop.hdfs.StateChange: BLOCK* allocate blk_1073741832_1008, replicas=127.0.0.1:50010 for /tmp/hadoop-yarn/staging/hduser/.staging/job_1568249868484_0002/job_1568249868484_0002_1.jhist
2019-09-11 20:42:59,324 INFO org.apache.hadoop.hdfs.StateChange: BLOCK* fsync: /tmp/hadoop-yarn/staging/hduser/.staging/job_1568249868484_0002/job_1568249868484_0002_1.jhist for DFSClient_NONMAPREDUCE_-415762048_1
2019-09-11 20:43:05,431 INFO org.apache.hadoop.hdfs.StateChange: BLOCK* allocate blk_1073741833_1009, replicas=127.0.0.1:50010 for /user/hduser/output/_temporary/1/_temporary/attempt_1568249868484_0002_r_000000_0/part-r-00000
2019-09-11 20:43:05,540 INFO org.apache.hadoop.hdfs.StateChange: DIR* completeFile: /user/hduser/output/_temporary/1/_temporary/attempt_1568249868484_0002_r_000000_0/part-r-00000 is closed by DFSClient_attempt_1568249868484_0002_r_000000_0_1603547581_1
2019-09-11 20:43:05,772 INFO org.apache.hadoop.hdfs.StateChange: DIR* completeFile: /tmp/hadoop-yarn/staging/hduser/.staging/job_1568249868484_0002/COMMIT_STARTED is closed by DFSClient_NONMAPREDUCE_-415762048_1
2019-09-11 20:43:05,840 INFO org.apache.hadoop.hdfs.StateChange: DIR* completeFile: /user/hduser/output/_SUCCESS is closed by DFSClient_NONMAPREDUCE_-415762048_1
2019-09-11 20:43:05,854 INFO org.apache.hadoop.hdfs.StateChange: DIR* completeFile: /tmp/hadoop-yarn/staging/hduser/.staging/job_1568249868484_0002/COMMIT_SUCCESS is closed by DFSClient_NONMAPREDUCE_-415762048_1
2019-09-11 20:43:05,899 INFO org.apache.hadoop.hdfs.StateChange: DIR* completeFile: /tmp/hadoop-yarn/staging/hduser/.staging/job_1568249868484_0002/job_1568249868484_0002_1.jhist is closed by DFSClient_NONMAPREDUCE_-415762048_1
2019-09-11 20:43:05,915 INFO org.apache.hadoop.hdfs.StateChange: BLOCK* allocate blk_1073741834_1010, replicas=127.0.0.1:50010 for /tmp/hadoop-yarn/staging/history/done_intermediate/hduser/job_1568249868484_0002.summary_tmp
2019-09-11 20:43:05,946 INFO org.apache.hadoop.hdfs.StateChange: DIR* completeFile: /tmp/hadoop-yarn/staging/history/done_intermediate/hduser/job_1568249868484_0002.summary_tmp is closed by DFSClient_NONMAPREDUCE_-415762048_1
2019-09-11 20:43:05,981 INFO org.apache.hadoop.hdfs.StateChange: BLOCK* allocate blk_1073741835_1011, replicas=127.0.0.1:50010 for /tmp/hadoop-yarn/staging/history/done_intermediate/hduser/job_1568249868484_0002-1568252563964-hduser-word+count-1568252585859-1-1-SUCCEEDED-default-1568252572691.jhist_tmp
2019-09-11 20:43:06,009 INFO org.apache.hadoop.hdfs.server.namenode.FSNamesystem: BLOCK* blk_1073741835_1011 is COMMITTED but not COMPLETE(numNodes= 0 <  minimum = 1) in file /tmp/hadoop-yarn/staging/history/done_intermediate/hduser/job_1568249868484_0002-1568252563964-hduser-word+count-1568252585859-1-1-SUCCEEDED-default-1568252572691.jhist_tmp
2019-09-11 20:43:06,418 INFO org.apache.hadoop.hdfs.StateChange: DIR* completeFile: /tmp/hadoop-yarn/staging/history/done_intermediate/hduser/job_1568249868484_0002-1568252563964-hduser-word+count-1568252585859-1-1-SUCCEEDED-default-1568252572691.jhist_tmp is closed by DFSClient_NONMAPREDUCE_-415762048_1
2019-09-11 20:43:06,464 INFO org.apache.hadoop.hdfs.StateChange: BLOCK* allocate blk_1073741836_1012, replicas=127.0.0.1:50010 for /tmp/hadoop-yarn/staging/history/done_intermediate/hduser/job_1568249868484_0002_conf.xml_tmp
2019-09-11 20:43:06,507 INFO org.apache.hadoop.hdfs.StateChange: DIR* completeFile: /tmp/hadoop-yarn/staging/history/done_intermediate/hduser/job_1568249868484_0002_conf.xml_tmp is closed by DFSClient_NONMAPREDUCE_-415762048_1
2019-09-11 20:56:46,732 ERROR org.apache.hadoop.hdfs.server.namenode.NameNode: RECEIVED SIGNAL 15: SIGTERM
2019-09-11 20:56:46,740 INFO org.apache.hadoop.hdfs.server.namenode.NameNode: SHUTDOWN_MSG: 
/************************************************************
SHUTDOWN_MSG: Shutting down NameNode at vamsi/127.0.1.1
************************************************************/
2019-09-14 18:12:10,978 INFO org.apache.hadoop.hdfs.server.namenode.NameNode: STARTUP_MSG: 
/************************************************************
STARTUP_MSG: Starting NameNode
STARTUP_MSG:   host = vamsi/127.0.1.1
STARTUP_MSG:   args = []
STARTUP_MSG:   version = 2.9.2
STARTUP_MSG:   classpath = /usr/local/hadoop/etc/hadoop:/usr/local/hadoop/share/hadoop/common/lib/mockito-all-1.8.5.jar:/usr/local/hadoop/share/hadoop/common/lib/commons-cli-1.2.jar:/usr/local/hadoop/share/hadoop/common/lib/httpclient-4.5.2.jar:/usr/local/hadoop/share/hadoop/common/lib/stax-api-1.0-2.jar:/usr/local/hadoop/share/hadoop/common/lib/jackson-jaxrs-1.9.13.jar:/usr/local/hadoop/share/hadoop/common/lib/nimbus-jose-jwt-4.41.1.jar:/usr/local/hadoop/share/hadoop/common/lib/jsch-0.1.54.jar:/usr/local/hadoop/share/hadoop/common/lib/snappy-java-1.0.5.jar:/usr/local/hadoop/share/hadoop/common/lib/commons-collections-3.2.2.jar:/usr/local/hadoop/share/hadoop/common/lib/jsp-api-2.1.jar:/usr/local/hadoop/share/hadoop/common/lib/jettison-1.1.jar:/usr/local/hadoop/share/hadoop/common/lib/commons-math3-3.1.1.jar:/usr/local/hadoop/share/hadoop/common/lib/commons-io-2.4.jar:/usr/local/hadoop/share/hadoop/common/lib/jackson-mapper-asl-1.9.13.jar:/usr/local/hadoop/share/hadoop/common/lib/commons-beanutils-1.7.0.jar:/usr/local/hadoop/share/hadoop/common/lib/jetty-util-6.1.26.jar:/usr/local/hadoop/share/hadoop/common/lib/commons-lang3-3.4.jar:/usr/local/hadoop/share/hadoop/common/lib/slf4j-api-1.7.25.jar:/usr/local/hadoop/share/hadoop/common/lib/log4j-1.2.17.jar:/usr/local/hadoop/share/hadoop/common/lib/jersey-core-1.9.jar:/usr/local/hadoop/share/hadoop/common/lib/curator-framework-2.7.1.jar:/usr/local/hadoop/share/hadoop/common/lib/guava-11.0.2.jar:/usr/local/hadoop/share/hadoop/common/lib/jetty-6.1.26.jar:/usr/local/hadoop/share/hadoop/common/lib/jcip-annotations-1.0-1.jar:/usr/local/hadoop/share/hadoop/common/lib/xmlenc-0.52.jar:/usr/local/hadoop/share/hadoop/common/lib/jaxb-api-2.2.2.jar:/usr/local/hadoop/share/hadoop/common/lib/activation-1.1.jar:/usr/local/hadoop/share/hadoop/common/lib/apacheds-kerberos-codec-2.0.0-M15.jar:/usr/local/hadoop/share/hadoop/common/lib/httpcore-4.4.4.jar:/usr/local/hadoop/share/hadoop/common/lib/curator-recipes-2.7.1.jar:/usr/local/hadoop/share/hadoop/common/lib/jaxb-impl-2.2.3-1.jar:/usr/local/hadoop/share/hadoop/common/lib/jetty-sslengine-6.1.26.jar:/usr/local/hadoop/share/hadoop/common/lib/servlet-api-2.5.jar:/usr/local/hadoop/share/hadoop/common/lib/json-smart-1.3.1.jar:/usr/local/hadoop/share/hadoop/common/lib/xz-1.0.jar:/usr/local/hadoop/share/hadoop/common/lib/avro-1.7.7.jar:/usr/local/hadoop/share/hadoop/common/lib/jsr305-3.0.0.jar:/usr/local/hadoop/share/hadoop/common/lib/jersey-json-1.9.jar:/usr/local/hadoop/share/hadoop/common/lib/commons-lang-2.6.jar:/usr/local/hadoop/share/hadoop/common/lib/woodstox-core-5.0.3.jar:/usr/local/hadoop/share/hadoop/common/lib/asm-3.2.jar:/usr/local/hadoop/share/hadoop/common/lib/netty-3.6.2.Final.jar:/usr/local/hadoop/share/hadoop/common/lib/jackson-core-asl-1.9.13.jar:/usr/local/hadoop/share/hadoop/common/lib/htrace-core4-4.1.0-incubating.jar:/usr/local/hadoop/share/hadoop/common/lib/hamcrest-core-1.3.jar:/usr/local/hadoop/share/hadoop/common/lib/curator-client-2.7.1.jar:/usr/local/hadoop/share/hadoop/common/lib/slf4j-log4j12-1.7.25.jar:/usr/local/hadoop/share/hadoop/common/lib/commons-codec-1.4.jar:/usr/local/hadoop/share/hadoop/common/lib/commons-net-3.1.jar:/usr/local/hadoop/share/hadoop/common/lib/hadoop-annotations-2.9.2.jar:/usr/local/hadoop/share/hadoop/common/lib/hadoop-auth-2.9.2.jar:/usr/local/hadoop/share/hadoop/common/lib/commons-compress-1.4.1.jar:/usr/local/hadoop/share/hadoop/common/lib/commons-digester-1.8.jar:/usr/local/hadoop/share/hadoop/common/lib/jets3t-0.9.0.jar:/usr/local/hadoop/share/hadoop/common/lib/paranamer-2.3.jar:/usr/local/hadoop/share/hadoop/common/lib/protobuf-java-2.5.0.jar:/usr/local/hadoop/share/hadoop/common/lib/commons-logging-1.1.3.jar:/usr/local/hadoop/share/hadoop/common/lib/api-asn1-api-1.0.0-M20.jar:/usr/local/hadoop/share/hadoop/common/lib/java-xmlbuilder-0.4.jar:/usr/local/hadoop/share/hadoop/common/lib/apacheds-i18n-2.0.0-M15.jar:/usr/local/hadoop/share/hadoop/common/lib/gson-2.2.4.jar:/usr/local/hadoop/share/hadoop/common/lib/commons-configuration-1.6.jar:/usr/local/hadoop/share/hadoop/common/lib/junit-4.11.jar:/usr/local/hadoop/share/hadoop/common/lib/api-util-1.0.0-M20.jar:/usr/local/hadoop/share/hadoop/common/lib/jackson-xc-1.9.13.jar:/usr/local/hadoop/share/hadoop/common/lib/commons-beanutils-core-1.8.0.jar:/usr/local/hadoop/share/hadoop/common/lib/jersey-server-1.9.jar:/usr/local/hadoop/share/hadoop/common/lib/zookeeper-3.4.6.jar:/usr/local/hadoop/share/hadoop/common/lib/stax2-api-3.1.4.jar:/usr/local/hadoop/share/hadoop/common/hadoop-common-2.9.2.jar:/usr/local/hadoop/share/hadoop/common/hadoop-common-2.9.2-tests.jar:/usr/local/hadoop/share/hadoop/common/hadoop-nfs-2.9.2.jar:/usr/local/hadoop/share/hadoop/hdfs:/usr/local/hadoop/share/hadoop/hdfs/lib/commons-cli-1.2.jar:/usr/local/hadoop/share/hadoop/hdfs/lib/okhttp-2.7.5.jar:/usr/local/hadoop/share/hadoop/hdfs/lib/jackson-databind-2.7.8.jar:/usr/local/hadoop/share/hadoop/hdfs/lib/commons-io-2.4.jar:/usr/local/hadoop/share/hadoop/hdfs/lib/jackson-mapper-asl-1.9.13.jar:/usr/local/hadoop/share/hadoop/hdfs/lib/jetty-util-6.1.26.jar:/usr/local/hadoop/share/hadoop/hdfs/lib/leveldbjni-all-1.8.jar:/usr/local/hadoop/share/hadoop/hdfs/lib/jackson-annotations-2.7.8.jar:/usr/local/hadoop/share/hadoop/hdfs/lib/log4j-1.2.17.jar:/usr/local/hadoop/share/hadoop/hdfs/lib/jersey-core-1.9.jar:/usr/local/hadoop/share/hadoop/hdfs/lib/guava-11.0.2.jar:/usr/local/hadoop/share/hadoop/hdfs/lib/jetty-6.1.26.jar:/usr/local/hadoop/share/hadoop/hdfs/lib/xmlenc-0.52.jar:/usr/local/hadoop/share/hadoop/hdfs/lib/servlet-api-2.5.jar:/usr/local/hadoop/share/hadoop/hdfs/lib/jsr305-3.0.0.jar:/usr/local/hadoop/share/hadoop/hdfs/lib/okio-1.6.0.jar:/usr/local/hadoop/share/hadoop/hdfs/lib/commons-lang-2.6.jar:/usr/local/hadoop/share/hadoop/hdfs/lib/asm-3.2.jar:/usr/local/hadoop/share/hadoop/hdfs/lib/netty-3.6.2.Final.jar:/usr/local/hadoop/share/hadoop/hdfs/lib/jackson-core-asl-1.9.13.jar:/usr/local/hadoop/share/hadoop/hdfs/lib/htrace-core4-4.1.0-incubating.jar:/usr/local/hadoop/share/hadoop/hdfs/lib/commons-codec-1.4.jar:/usr/local/hadoop/share/hadoop/hdfs/lib/netty-all-4.0.23.Final.jar:/usr/local/hadoop/share/hadoop/hdfs/lib/jackson-core-2.7.8.jar:/usr/local/hadoop/share/hadoop/hdfs/lib/protobuf-java-2.5.0.jar:/usr/local/hadoop/share/hadoop/hdfs/lib/commons-logging-1.1.3.jar:/usr/local/hadoop/share/hadoop/hdfs/lib/xercesImpl-2.9.1.jar:/usr/local/hadoop/share/hadoop/hdfs/lib/commons-daemon-1.0.13.jar:/usr/local/hadoop/share/hadoop/hdfs/lib/jersey-server-1.9.jar:/usr/local/hadoop/share/hadoop/hdfs/lib/hadoop-hdfs-client-2.9.2.jar:/usr/local/hadoop/share/hadoop/hdfs/lib/xml-apis-1.3.04.jar:/usr/local/hadoop/share/hadoop/hdfs/hadoop-hdfs-2.9.2.jar:/usr/local/hadoop/share/hadoop/hdfs/hadoop-hdfs-rbf-2.9.2-tests.jar:/usr/local/hadoop/share/hadoop/hdfs/hadoop-hdfs-2.9.2-tests.jar:/usr/local/hadoop/share/hadoop/hdfs/hadoop-hdfs-native-client-2.9.2.jar:/usr/local/hadoop/share/hadoop/hdfs/hadoop-hdfs-client-2.9.2-tests.jar:/usr/local/hadoop/share/hadoop/hdfs/hadoop-hdfs-nfs-2.9.2.jar:/usr/local/hadoop/share/hadoop/hdfs/hadoop-hdfs-native-client-2.9.2-tests.jar:/usr/local/hadoop/share/hadoop/hdfs/hadoop-hdfs-client-2.9.2.jar:/usr/local/hadoop/share/hadoop/hdfs/hadoop-hdfs-rbf-2.9.2.jar:/usr/local/hadoop/share/hadoop/yarn:/usr/local/hadoop/share/hadoop/yarn/lib/commons-cli-1.2.jar:/usr/local/hadoop/share/hadoop/yarn/lib/httpclient-4.5.2.jar:/usr/local/hadoop/share/hadoop/yarn/lib/stax-api-1.0-2.jar:/usr/local/hadoop/share/hadoop/yarn/lib/jackson-jaxrs-1.9.13.jar:/usr/local/hadoop/share/hadoop/yarn/lib/javax.inject-1.jar:/usr/local/hadoop/share/hadoop/yarn/lib/aopalliance-1.0.jar:/usr/local/hadoop/share/hadoop/yarn/lib/nimbus-jose-jwt-4.41.1.jar:/usr/local/hadoop/share/hadoop/yarn/lib/jsch-0.1.54.jar:/usr/local/hadoop/share/hadoop/yarn/lib/snappy-java-1.0.5.jar:/usr/local/hadoop/share/hadoop/yarn/lib/commons-collections-3.2.2.jar:/usr/local/hadoop/share/hadoop/yarn/lib/ehcache-3.3.1.jar:/usr/local/hadoop/share/hadoop/yarn/lib/jsp-api-2.1.jar:/usr/local/hadoop/share/hadoop/yarn/lib/jettison-1.1.jar:/usr/local/hadoop/share/hadoop/yarn/lib/commons-math3-3.1.1.jar:/usr/local/hadoop/share/hadoop/yarn/lib/commons-io-2.4.jar:/usr/local/hadoop/share/hadoop/yarn/lib/jackson-mapper-asl-1.9.13.jar:/usr/local/hadoop/share/hadoop/yarn/lib/commons-beanutils-1.7.0.jar:/usr/local/hadoop/share/hadoop/yarn/lib/jetty-util-6.1.26.jar:/usr/local/hadoop/share/hadoop/yarn/lib/commons-lang3-3.4.jar:/usr/local/hadoop/share/hadoop/yarn/lib/guice-3.0.jar:/usr/local/hadoop/share/hadoop/yarn/lib/leveldbjni-all-1.8.jar:/usr/local/hadoop/share/hadoop/yarn/lib/log4j-1.2.17.jar:/usr/local/hadoop/share/hadoop/yarn/lib/jersey-core-1.9.jar:/usr/local/hadoop/share/hadoop/yarn/lib/curator-framework-2.7.1.jar:/usr/local/hadoop/share/hadoop/yarn/lib/guava-11.0.2.jar:/usr/local/hadoop/share/hadoop/yarn/lib/jetty-6.1.26.jar:/usr/local/hadoop/share/hadoop/yarn/lib/jcip-annotations-1.0-1.jar:/usr/local/hadoop/share/hadoop/yarn/lib/xmlenc-0.52.jar:/usr/local/hadoop/share/hadoop/yarn/lib/jaxb-api-2.2.2.jar:/usr/local/hadoop/share/hadoop/yarn/lib/java-util-1.9.0.jar:/usr/local/hadoop/share/hadoop/yarn/lib/mssql-jdbc-6.2.1.jre7.jar:/usr/local/hadoop/share/hadoop/yarn/lib/activation-1.1.jar:/usr/local/hadoop/share/hadoop/yarn/lib/apacheds-kerberos-codec-2.0.0-M15.jar:/usr/local/hadoop/share/hadoop/yarn/lib/httpcore-4.4.4.jar:/usr/local/hadoop/share/hadoop/yarn/lib/metrics-core-3.0.1.jar:/usr/local/hadoop/share/hadoop/yarn/lib/curator-recipes-2.7.1.jar:/usr/local/hadoop/share/hadoop/yarn/lib/HikariCP-java7-2.4.12.jar:/usr/local/hadoop/share/hadoop/yarn/lib/jaxb-impl-2.2.3-1.jar:/usr/local/hadoop/share/hadoop/yarn/lib/jetty-sslengine-6.1.26.jar:/usr/local/hadoop/share/hadoop/yarn/lib/servlet-api-2.5.jar:/usr/local/hadoop/share/hadoop/yarn/lib/json-smart-1.3.1.jar:/usr/local/hadoop/share/hadoop/yarn/lib/xz-1.0.jar:/usr/local/hadoop/share/hadoop/yarn/lib/avro-1.7.7.jar:/usr/local/hadoop/share/hadoop/yarn/lib/geronimo-jcache_1.0_spec-1.0-alpha-1.jar:/usr/local/hadoop/share/hadoop/yarn/lib/jsr305-3.0.0.jar:/usr/local/hadoop/share/hadoop/yarn/lib/jersey-json-1.9.jar:/usr/local/hadoop/share/hadoop/yarn/lib/commons-lang-2.6.jar:/usr/local/hadoop/share/hadoop/yarn/lib/woodstox-core-5.0.3.jar:/usr/local/hadoop/share/hadoop/yarn/lib/asm-3.2.jar:/usr/local/hadoop/share/hadoop/yarn/lib/netty-3.6.2.Final.jar:/usr/local/hadoop/share/hadoop/yarn/lib/jackson-core-asl-1.9.13.jar:/usr/local/hadoop/share/hadoop/yarn/lib/htrace-core4-4.1.0-incubating.jar:/usr/local/hadoop/share/hadoop/yarn/lib/curator-client-2.7.1.jar:/usr/local/hadoop/share/hadoop/yarn/lib/commons-codec-1.4.jar:/usr/local/hadoop/share/hadoop/yarn/lib/commons-net-3.1.jar:/usr/local/hadoop/share/hadoop/yarn/lib/commons-compress-1.4.1.jar:/usr/local/hadoop/share/hadoop/yarn/lib/commons-digester-1.8.jar:/usr/local/hadoop/share/hadoop/yarn/lib/jets3t-0.9.0.jar:/usr/local/hadoop/share/hadoop/yarn/lib/fst-2.50.jar:/usr/local/hadoop/share/hadoop/yarn/lib/paranamer-2.3.jar:/usr/local/hadoop/share/hadoop/yarn/lib/json-io-2.5.1.jar:/usr/local/hadoop/share/hadoop/yarn/lib/jersey-guice-1.9.jar:/usr/local/hadoop/share/hadoop/yarn/lib/protobuf-java-2.5.0.jar:/usr/local/hadoop/share/hadoop/yarn/lib/commons-logging-1.1.3.jar:/usr/local/hadoop/share/hadoop/yarn/lib/api-asn1-api-1.0.0-M20.jar:/usr/local/hadoop/share/hadoop/yarn/lib/java-xmlbuilder-0.4.jar:/usr/local/hadoop/share/hadoop/yarn/lib/jersey-client-1.9.jar:/usr/local/hadoop/share/hadoop/yarn/lib/apacheds-i18n-2.0.0-M15.jar:/usr/local/hadoop/share/hadoop/yarn/lib/gson-2.2.4.jar:/usr/local/hadoop/share/hadoop/yarn/lib/commons-configuration-1.6.jar:/usr/local/hadoop/share/hadoop/yarn/lib/api-util-1.0.0-M20.jar:/usr/local/hadoop/share/hadoop/yarn/lib/guice-servlet-3.0.jar:/usr/local/hadoop/share/hadoop/yarn/lib/jackson-xc-1.9.13.jar:/usr/local/hadoop/share/hadoop/yarn/lib/commons-beanutils-core-1.8.0.jar:/usr/local/hadoop/share/hadoop/yarn/lib/jersey-server-1.9.jar:/usr/local/hadoop/share/hadoop/yarn/lib/zookeeper-3.4.6.jar:/usr/local/hadoop/share/hadoop/yarn/lib/stax2-api-3.1.4.jar:/usr/local/hadoop/share/hadoop/yarn/hadoop-yarn-server-router-2.9.2.jar:/usr/local/hadoop/share/hadoop/yarn/hadoop-yarn-client-2.9.2.jar:/usr/local/hadoop/share/hadoop/yarn/hadoop-yarn-server-tests-2.9.2.jar:/usr/local/hadoop/share/hadoop/yarn/hadoop-yarn-api-2.9.2.jar:/usr/local/hadoop/share/hadoop/yarn/hadoop-yarn-server-applicationhistoryservice-2.9.2.jar:/usr/local/hadoop/share/hadoop/yarn/hadoop-yarn-registry-2.9.2.jar:/usr/local/hadoop/share/hadoop/yarn/hadoop-yarn-server-web-proxy-2.9.2.jar:/usr/local/hadoop/share/hadoop/yarn/hadoop-yarn-applications-distributedshell-2.9.2.jar:/usr/local/hadoop/share/hadoop/yarn/hadoop-yarn-server-timeline-pluginstorage-2.9.2.jar:/usr/local/hadoop/share/hadoop/yarn/hadoop-yarn-server-nodemanager-2.9.2.jar:/usr/local/hadoop/share/hadoop/yarn/hadoop-yarn-applications-unmanaged-am-launcher-2.9.2.jar:/usr/local/hadoop/share/hadoop/yarn/hadoop-yarn-common-2.9.2.jar:/usr/local/hadoop/share/hadoop/yarn/hadoop-yarn-server-resourcemanager-2.9.2.jar:/usr/local/hadoop/share/hadoop/yarn/hadoop-yarn-server-common-2.9.2.jar:/usr/local/hadoop/share/hadoop/yarn/hadoop-yarn-server-sharedcachemanager-2.9.2.jar:/usr/local/hadoop/share/hadoop/mapreduce/lib/javax.inject-1.jar:/usr/local/hadoop/share/hadoop/mapreduce/lib/aopalliance-1.0.jar:/usr/local/hadoop/share/hadoop/mapreduce/lib/snappy-java-1.0.5.jar:/usr/local/hadoop/share/hadoop/mapreduce/lib/commons-io-2.4.jar:/usr/local/hadoop/share/hadoop/mapreduce/lib/jackson-mapper-asl-1.9.13.jar:/usr/local/hadoop/share/hadoop/mapreduce/lib/guice-3.0.jar:/usr/local/hadoop/share/hadoop/mapreduce/lib/leveldbjni-all-1.8.jar:/usr/local/hadoop/share/hadoop/mapreduce/lib/log4j-1.2.17.jar:/usr/local/hadoop/share/hadoop/mapreduce/lib/jersey-core-1.9.jar:/usr/local/hadoop/share/hadoop/mapreduce/lib/xz-1.0.jar:/usr/local/hadoop/share/hadoop/mapreduce/lib/avro-1.7.7.jar:/usr/local/hadoop/share/hadoop/mapreduce/lib/asm-3.2.jar:/usr/local/hadoop/share/hadoop/mapreduce/lib/netty-3.6.2.Final.jar:/usr/local/hadoop/share/hadoop/mapreduce/lib/jackson-core-asl-1.9.13.jar:/usr/local/hadoop/share/hadoop/mapreduce/lib/hamcrest-core-1.3.jar:/usr/local/hadoop/share/hadoop/mapreduce/lib/hadoop-annotations-2.9.2.jar:/usr/local/hadoop/share/hadoop/mapreduce/lib/commons-compress-1.4.1.jar:/usr/local/hadoop/share/hadoop/mapreduce/lib/paranamer-2.3.jar:/usr/local/hadoop/share/hadoop/mapreduce/lib/jersey-guice-1.9.jar:/usr/local/hadoop/share/hadoop/mapreduce/lib/protobuf-java-2.5.0.jar:/usr/local/hadoop/share/hadoop/mapreduce/lib/junit-4.11.jar:/usr/local/hadoop/share/hadoop/mapreduce/lib/guice-servlet-3.0.jar:/usr/local/hadoop/share/hadoop/mapreduce/lib/jersey-server-1.9.jar:/usr/local/hadoop/share/hadoop/mapreduce/hadoop-mapreduce-client-jobclient-2.9.2.jar:/usr/local/hadoop/share/hadoop/mapreduce/hadoop-mapreduce-client-core-2.9.2.jar:/usr/local/hadoop/share/hadoop/mapreduce/hadoop-mapreduce-client-shuffle-2.9.2.jar:/usr/local/hadoop/share/hadoop/mapreduce/hadoop-mapreduce-client-app-2.9.2.jar:/usr/local/hadoop/share/hadoop/mapreduce/hadoop-mapreduce-client-common-2.9.2.jar:/usr/local/hadoop/share/hadoop/mapreduce/hadoop-mapreduce-client-hs-plugins-2.9.2.jar:/usr/local/hadoop/share/hadoop/mapreduce/hadoop-mapreduce-examples-2.9.2.jar:/usr/local/hadoop/share/hadoop/mapreduce/hadoop-mapreduce-client-hs-2.9.2.jar:/usr/local/hadoop/share/hadoop/mapreduce/hadoop-mapreduce-client-jobclient-2.9.2-tests.jar:/contrib/capacity-scheduler/*.jar:/contrib/capacity-scheduler/*.jar:/contrib/capacity-scheduler/*.jar
STARTUP_MSG:   build = https://git-wip-us.apache.org/repos/asf/hadoop.git -r 826afbeae31ca687bc2f8471dc841b66ed2c6704; compiled by 'ajisaka' on 2018-11-13T12:42Z
STARTUP_MSG:   java = 11.0.4
************************************************************/
2019-09-14 18:12:11,101 INFO org.apache.hadoop.hdfs.server.namenode.NameNode: registered UNIX signal handlers for [TERM, HUP, INT]
2019-09-14 18:12:11,318 INFO org.apache.hadoop.hdfs.server.namenode.NameNode: createNameNode []
2019-09-14 18:12:11,525 INFO org.apache.hadoop.metrics2.impl.MetricsConfig: loaded properties from hadoop-metrics2.properties
2019-09-14 18:12:12,016 INFO org.apache.hadoop.metrics2.impl.MetricsSystemImpl: Scheduled Metric snapshot period at 10 second(s).
2019-09-14 18:12:12,016 INFO org.apache.hadoop.metrics2.impl.MetricsSystemImpl: NameNode metrics system started
2019-09-14 18:12:12,116 INFO org.apache.hadoop.hdfs.server.namenode.NameNode: fs.defaultFS is hdfs://localhost:9000
2019-09-14 18:12:12,118 INFO org.apache.hadoop.hdfs.server.namenode.NameNode: Clients are to use localhost:9000 to access this namenode/service.
2019-09-14 18:12:12,430 INFO org.apache.hadoop.util.JvmPauseMonitor: Starting JVM pause monitor
2019-09-14 18:12:12,495 INFO org.apache.hadoop.hdfs.DFSUtil: Starting Web-server for hdfs at: http://0.0.0.0:50070
2019-09-14 18:12:12,625 INFO org.mortbay.log: Logging to org.slf4j.impl.Log4jLoggerAdapter(org.mortbay.log) via org.mortbay.log.Slf4jLog
2019-09-14 18:12:12,682 INFO org.apache.hadoop.security.authentication.server.AuthenticationFilter: Unable to initialize FileSignerSecretProvider, falling back to use random secrets.
2019-09-14 18:12:12,832 INFO org.apache.hadoop.http.HttpRequestLog: Http request log for http.requests.namenode is not defined
2019-09-14 18:12:12,883 INFO org.apache.hadoop.http.HttpServer2: Added global filter 'safety' (class=org.apache.hadoop.http.HttpServer2$QuotingInputFilter)
2019-09-14 18:12:12,886 INFO org.apache.hadoop.http.HttpServer2: Added filter static_user_filter (class=org.apache.hadoop.http.lib.StaticUserWebFilter$StaticUserFilter) to context hdfs
2019-09-14 18:12:12,886 INFO org.apache.hadoop.http.HttpServer2: Added filter static_user_filter (class=org.apache.hadoop.http.lib.StaticUserWebFilter$StaticUserFilter) to context static
2019-09-14 18:12:12,886 INFO org.apache.hadoop.http.HttpServer2: Added filter static_user_filter (class=org.apache.hadoop.http.lib.StaticUserWebFilter$StaticUserFilter) to context logs
2019-09-14 18:12:13,809 INFO org.apache.hadoop.http.HttpServer2: Added filter 'org.apache.hadoop.hdfs.web.AuthFilter' (class=org.apache.hadoop.hdfs.web.AuthFilter)
2019-09-14 18:12:13,810 INFO org.apache.hadoop.http.HttpServer2: addJerseyResourcePackage: packageName=org.apache.hadoop.hdfs.server.namenode.web.resources;org.apache.hadoop.hdfs.web.resources, pathSpec=/webhdfs/v1/*
2019-09-14 18:12:13,944 INFO org.apache.hadoop.http.HttpServer2: Jetty bound to port 50070
2019-09-14 18:12:13,945 INFO org.mortbay.log: jetty-6.1.26
2019-09-14 18:12:14,607 INFO org.mortbay.log: Started HttpServer2$SelectChannelConnectorWithSafeStartup@0.0.0.0:50070
2019-09-14 18:12:14,828 WARN org.apache.hadoop.hdfs.server.namenode.FSNamesystem: Only one image storage directory (dfs.namenode.name.dir) configured. Beware of data loss due to lack of redundant storage directories!
2019-09-14 18:12:14,828 WARN org.apache.hadoop.hdfs.server.namenode.FSNamesystem: Only one namespace edits storage directory (dfs.namenode.edits.dir) configured. Beware of data loss due to lack of redundant storage directories!
2019-09-14 18:12:15,228 INFO org.apache.hadoop.hdfs.server.namenode.FSEditLog: Edit logging is async:true
2019-09-14 18:12:15,249 INFO org.apache.hadoop.hdfs.server.namenode.FSNamesystem: KeyProvider: null
2019-09-14 18:12:15,251 INFO org.apache.hadoop.hdfs.server.namenode.FSNamesystem: fsLock is fair: true
2019-09-14 18:12:15,251 INFO org.apache.hadoop.hdfs.server.namenode.FSNamesystem: Detailed lock hold time metrics enabled: false
2019-09-14 18:12:15,325 INFO org.apache.hadoop.hdfs.server.namenode.FSNamesystem: fsOwner             = hduser (auth:SIMPLE)
2019-09-14 18:12:15,325 INFO org.apache.hadoop.hdfs.server.namenode.FSNamesystem: supergroup          = supergroup
2019-09-14 18:12:15,325 INFO org.apache.hadoop.hdfs.server.namenode.FSNamesystem: isPermissionEnabled = true
2019-09-14 18:12:15,326 INFO org.apache.hadoop.hdfs.server.namenode.FSNamesystem: HA Enabled: false
2019-09-14 18:12:15,489 INFO org.apache.hadoop.hdfs.server.common.Util: dfs.datanode.fileio.profiling.sampling.percentage set to 0. Disabling file IO profiling
2019-09-14 18:12:15,695 INFO org.apache.hadoop.hdfs.server.blockmanagement.DatanodeManager: dfs.block.invalidate.limit: configured=1000, counted=60, effected=1000
2019-09-14 18:12:15,695 INFO org.apache.hadoop.hdfs.server.blockmanagement.DatanodeManager: dfs.namenode.datanode.registration.ip-hostname-check=true
2019-09-14 18:12:15,707 INFO org.apache.hadoop.hdfs.server.blockmanagement.BlockManager: dfs.namenode.startup.delay.block.deletion.sec is set to 000:00:00:00.000
2019-09-14 18:12:15,708 INFO org.apache.hadoop.hdfs.server.blockmanagement.BlockManager: The block deletion will start around 2019 Sep 14 18:12:15
2019-09-14 18:12:15,712 INFO org.apache.hadoop.util.GSet: Computing capacity for map BlocksMap
2019-09-14 18:12:15,712 INFO org.apache.hadoop.util.GSet: VM type       = 64-bit
2019-09-14 18:12:15,712 INFO org.apache.hadoop.util.GSet: 2.0% max memory 1000 MB = 20 MB
2019-09-14 18:12:15,712 INFO org.apache.hadoop.util.GSet: capacity      = 2^21 = 2097152 entries
2019-09-14 18:12:16,347 INFO org.apache.hadoop.hdfs.server.blockmanagement.BlockManager: dfs.block.access.token.enable=false
2019-09-14 18:12:16,347 WARN org.apache.hadoop.conf.Configuration: No unit for dfs.heartbeat.interval(3) assuming SECONDS
2019-09-14 18:12:16,352 WARN org.apache.hadoop.conf.Configuration: No unit for dfs.namenode.safemode.extension(30000) assuming MILLISECONDS
2019-09-14 18:12:16,353 INFO org.apache.hadoop.hdfs.server.blockmanagement.BlockManagerSafeMode: dfs.namenode.safemode.threshold-pct = 0.9990000128746033
2019-09-14 18:12:16,353 INFO org.apache.hadoop.hdfs.server.blockmanagement.BlockManagerSafeMode: dfs.namenode.safemode.min.datanodes = 0
2019-09-14 18:12:16,353 INFO org.apache.hadoop.hdfs.server.blockmanagement.BlockManagerSafeMode: dfs.namenode.safemode.extension = 30000
2019-09-14 18:12:16,353 INFO org.apache.hadoop.hdfs.server.blockmanagement.BlockManager: defaultReplication         = 1
2019-09-14 18:12:16,353 INFO org.apache.hadoop.hdfs.server.blockmanagement.BlockManager: maxReplication             = 512
2019-09-14 18:12:16,353 INFO org.apache.hadoop.hdfs.server.blockmanagement.BlockManager: minReplication             = 1
2019-09-14 18:12:16,353 INFO org.apache.hadoop.hdfs.server.blockmanagement.BlockManager: maxReplicationStreams      = 2
2019-09-14 18:12:16,353 INFO org.apache.hadoop.hdfs.server.blockmanagement.BlockManager: replicationRecheckInterval = 3000
2019-09-14 18:12:16,353 INFO org.apache.hadoop.hdfs.server.blockmanagement.BlockManager: encryptDataTransfer        = false
2019-09-14 18:12:16,353 INFO org.apache.hadoop.hdfs.server.blockmanagement.BlockManager: maxNumBlocksToLog          = 1000
2019-09-14 18:12:16,401 INFO org.apache.hadoop.hdfs.server.namenode.FSNamesystem: Append Enabled: true
2019-09-14 18:12:17,003 INFO org.apache.hadoop.hdfs.server.namenode.FSDirectory: GLOBAL serial map: bits=24 maxEntries=16777215
2019-09-14 18:12:17,083 INFO org.apache.hadoop.util.GSet: Computing capacity for map INodeMap
2019-09-14 18:12:17,083 INFO org.apache.hadoop.util.GSet: VM type       = 64-bit
2019-09-14 18:12:17,083 INFO org.apache.hadoop.util.GSet: 1.0% max memory 1000 MB = 10 MB
2019-09-14 18:12:17,083 INFO org.apache.hadoop.util.GSet: capacity      = 2^20 = 1048576 entries
2019-09-14 18:12:17,175 INFO org.apache.hadoop.hdfs.server.namenode.FSDirectory: ACLs enabled? false
2019-09-14 18:12:17,175 INFO org.apache.hadoop.hdfs.server.namenode.FSDirectory: XAttrs enabled? true
2019-09-14 18:12:17,176 INFO org.apache.hadoop.hdfs.server.namenode.NameNode: Caching file names occurring more than 10 times
2019-09-14 18:12:17,180 INFO org.apache.hadoop.hdfs.server.namenode.snapshot.SnapshotManager: Loaded config captureOpenFiles: falseskipCaptureAccessTimeOnlyChange: false
2019-09-14 18:12:17,187 INFO org.apache.hadoop.util.GSet: Computing capacity for map cachedBlocks
2019-09-14 18:12:17,187 INFO org.apache.hadoop.util.GSet: VM type       = 64-bit
2019-09-14 18:12:17,187 INFO org.apache.hadoop.util.GSet: 0.25% max memory 1000 MB = 2.5 MB
2019-09-14 18:12:17,188 INFO org.apache.hadoop.util.GSet: capacity      = 2^18 = 262144 entries
2019-09-14 18:12:17,238 INFO org.apache.hadoop.hdfs.server.namenode.top.metrics.TopMetrics: NNTop conf: dfs.namenode.top.window.num.buckets = 10
2019-09-14 18:12:17,238 INFO org.apache.hadoop.hdfs.server.namenode.top.metrics.TopMetrics: NNTop conf: dfs.namenode.top.num.users = 10
2019-09-14 18:12:17,238 INFO org.apache.hadoop.hdfs.server.namenode.top.metrics.TopMetrics: NNTop conf: dfs.namenode.top.windows.minutes = 1,5,25
2019-09-14 18:12:17,246 INFO org.apache.hadoop.hdfs.server.namenode.FSNamesystem: Retry cache on namenode is enabled
2019-09-14 18:12:17,246 INFO org.apache.hadoop.hdfs.server.namenode.FSNamesystem: Retry cache will use 0.03 of total heap and retry cache entry expiry time is 600000 millis
2019-09-14 18:12:17,254 INFO org.apache.hadoop.util.GSet: Computing capacity for map NameNodeRetryCache
2019-09-14 18:12:17,254 INFO org.apache.hadoop.util.GSet: VM type       = 64-bit
2019-09-14 18:12:17,254 INFO org.apache.hadoop.util.GSet: 0.029999999329447746% max memory 1000 MB = 307.2 KB
2019-09-14 18:12:17,254 INFO org.apache.hadoop.util.GSet: capacity      = 2^15 = 32768 entries
2019-09-14 18:12:17,428 INFO org.apache.hadoop.hdfs.server.common.Storage: Lock on /usr/local/hadoop_tmp/hdfs/namenode/in_use.lock acquired by nodename 2672@vamsi
2019-09-14 18:12:17,502 INFO org.apache.hadoop.hdfs.server.namenode.FileJournalManager: Recovering unfinalized segments in /usr/local/hadoop_tmp/hdfs/namenode/current
2019-09-14 18:12:17,642 INFO org.apache.hadoop.hdfs.server.namenode.FileJournalManager: Finalizing edits file /usr/local/hadoop_tmp/hdfs/namenode/current/edits_inprogress_0000000000000000003 -> /usr/local/hadoop_tmp/hdfs/namenode/current/edits_0000000000000000003-0000000000000000113
2019-09-14 18:12:17,795 INFO org.apache.hadoop.hdfs.server.namenode.FSImage: Planning to load image: FSImageFile(file=/usr/local/hadoop_tmp/hdfs/namenode/current/fsimage_0000000000000000002, cpktTxId=0000000000000000002)
2019-09-14 18:12:17,949 INFO org.apache.hadoop.hdfs.server.namenode.FSImageFormatPBINode: Loading 1 INodes.
2019-09-14 18:12:18,066 INFO org.apache.hadoop.hdfs.server.namenode.FSImageFormatProtobuf: Loaded FSImage in 0 seconds.
2019-09-14 18:12:18,067 INFO org.apache.hadoop.hdfs.server.namenode.FSImage: Loaded image for txid 2 from /usr/local/hadoop_tmp/hdfs/namenode/current/fsimage_0000000000000000002
2019-09-14 18:12:18,067 INFO org.apache.hadoop.hdfs.server.namenode.FSImage: Reading org.apache.hadoop.hdfs.server.namenode.RedundantEditLogInputStream@198ef2ce expecting start txid #3
2019-09-14 18:12:18,067 INFO org.apache.hadoop.hdfs.server.namenode.FSImage: Start loading edits file /usr/local/hadoop_tmp/hdfs/namenode/current/edits_0000000000000000003-0000000000000000113
2019-09-14 18:12:18,069 INFO org.apache.hadoop.hdfs.server.namenode.RedundantEditLogInputStream: Fast-forwarding stream '/usr/local/hadoop_tmp/hdfs/namenode/current/edits_0000000000000000003-0000000000000000113' to transaction ID 3
2019-09-14 18:12:18,447 INFO org.apache.hadoop.hdfs.server.namenode.FSDirectory: Increasing replication from 1 to 10 for /tmp/hadoop-yarn/staging/hduser/.staging/job_1568249868484_0001/job.jar
2019-09-14 18:12:18,465 INFO org.apache.hadoop.hdfs.server.namenode.FSDirectory: Increasing replication from 1 to 10 for /tmp/hadoop-yarn/staging/hduser/.staging/job_1568249868484_0002/job.jar
2019-09-14 18:12:18,466 INFO org.apache.hadoop.hdfs.server.namenode.FSDirectory: Increasing replication from 1 to 10 for /tmp/hadoop-yarn/staging/hduser/.staging/job_1568249868484_0002/job.split
2019-09-14 18:12:18,664 INFO org.apache.hadoop.hdfs.server.namenode.FSImage: Edits file /usr/local/hadoop_tmp/hdfs/namenode/current/edits_0000000000000000003-0000000000000000113 of size 1048576 edits # 111 loaded in 0 seconds
2019-09-14 18:12:18,664 INFO org.apache.hadoop.hdfs.server.namenode.FSNamesystem: Need to save fs image? true (staleImage=true, haEnabled=false, isRollingUpgrade=false)
2019-09-14 18:12:18,664 INFO org.apache.hadoop.hdfs.server.namenode.FSImage: Save namespace ...
2019-09-14 18:12:18,737 INFO org.apache.hadoop.hdfs.server.namenode.FSImageFormatProtobuf: Saving image file /usr/local/hadoop_tmp/hdfs/namenode/current/fsimage.ckpt_0000000000000000113 using no compression
2019-09-14 18:12:19,020 INFO org.apache.hadoop.hdfs.server.namenode.FSImageFormatProtobuf: Image file /usr/local/hadoop_tmp/hdfs/namenode/current/fsimage.ckpt_0000000000000000113 of size 1741 bytes saved in 0 seconds .
2019-09-14 18:12:19,102 INFO org.apache.hadoop.hdfs.server.namenode.NNStorageRetentionManager: Going to retain 2 images with txid >= 2
2019-09-14 18:12:19,102 INFO org.apache.hadoop.hdfs.server.namenode.NNStorageRetentionManager: Purging old image FSImageFile(file=/usr/local/hadoop_tmp/hdfs/namenode/current/fsimage_0000000000000000000, cpktTxId=0000000000000000000)
2019-09-14 18:12:19,336 INFO org.apache.hadoop.hdfs.server.namenode.FSEditLog: Starting log segment at 114
2019-09-14 18:12:19,734 INFO org.apache.hadoop.hdfs.server.namenode.NameCache: initialized with 0 entries 0 lookups
2019-09-14 18:12:19,734 INFO org.apache.hadoop.hdfs.server.namenode.FSNamesystem: Finished loading FSImage in 2471 msecs
2019-09-14 18:12:22,267 INFO org.apache.hadoop.hdfs.server.namenode.NameNode: RPC server is binding to localhost:9000
2019-09-14 18:12:22,281 INFO org.apache.hadoop.ipc.CallQueueManager: Using callQueue: class java.util.concurrent.LinkedBlockingQueue queueCapacity: 1000 scheduler: class org.apache.hadoop.ipc.DefaultRpcScheduler
2019-09-14 18:12:22,323 INFO org.apache.hadoop.ipc.Server: Starting Socket Reader #1 for port 9000
2019-09-14 18:12:23,266 INFO org.apache.hadoop.hdfs.server.namenode.FSNamesystem: Registered FSNamesystemState MBean
2019-09-14 18:12:23,411 INFO org.apache.hadoop.hdfs.server.namenode.LeaseManager: Number of blocks under construction: 0
2019-09-14 18:12:23,579 INFO org.apache.hadoop.hdfs.StateChange: STATE* Safe mode ON. 
The reported blocks 0 needs additional 4 blocks to reach the threshold 0.9990 of total blocks 5.
The number of live datanodes 0 has reached the minimum number 0. Safe mode will be turned off automatically once the thresholds have been reached.
2019-09-14 18:12:23,702 INFO org.apache.hadoop.hdfs.server.namenode.NameNode: NameNode RPC up at: localhost/127.0.0.1:9000
2019-09-14 18:12:23,710 INFO org.apache.hadoop.hdfs.server.namenode.FSNamesystem: Starting services required for active state
2019-09-14 18:12:23,710 INFO org.apache.hadoop.hdfs.server.namenode.FSDirectory: Initializing quota with 4 thread(s)
2019-09-14 18:12:23,677 INFO org.apache.hadoop.ipc.Server: IPC Server Responder: starting
2019-09-14 18:12:23,678 INFO org.apache.hadoop.ipc.Server: IPC Server listener on 9000: starting
2019-09-14 18:12:23,931 INFO org.apache.hadoop.hdfs.server.namenode.FSDirectory: Quota initialization completed in 144 milliseconds
name space=20
storage space=230423
storage types=RAM_DISK=0, SSD=0, DISK=0, ARCHIVE=0
2019-09-14 18:12:23,948 INFO org.apache.hadoop.hdfs.server.blockmanagement.CacheReplicationMonitor: Starting CacheReplicationMonitor with interval 30000 milliseconds
2019-09-14 18:12:27,783 INFO org.apache.hadoop.hdfs.StateChange: BLOCK* registerDatanode: from DatanodeRegistration(127.0.0.1:50010, datanodeUuid=ac111be7-e5e2-4739-a447-9a91e6526547, infoPort=50075, infoSecurePort=0, ipcPort=50020, storageInfo=lv=-57;cid=CID-dfff0f8e-4ab4-47af-a1ed-a4df13ecd9ae;nsid=1558390335;c=1568249781568) storage ac111be7-e5e2-4739-a447-9a91e6526547
2019-09-14 18:12:27,845 INFO org.apache.hadoop.net.NetworkTopology: Adding a new node: /default-rack/127.0.0.1:50010
2019-09-14 18:12:27,851 INFO org.apache.hadoop.hdfs.server.blockmanagement.BlockReportLeaseManager: Registered DN ac111be7-e5e2-4739-a447-9a91e6526547 (127.0.0.1:50010).
2019-09-14 18:12:28,316 INFO org.apache.hadoop.hdfs.server.blockmanagement.DatanodeDescriptor: Adding new storage ID DS-92ae1d52-441f-4ca2-a766-5ae2586caf79 for DN 127.0.0.1:50010
2019-09-14 18:12:28,881 INFO BlockStateChange: BLOCK* processReport 0xe01f1be82eec0c69: Processing first storage report for DS-92ae1d52-441f-4ca2-a766-5ae2586caf79 from datanode ac111be7-e5e2-4739-a447-9a91e6526547
2019-09-14 18:12:28,883 INFO org.apache.hadoop.hdfs.server.blockmanagement.BlockManager: initializing replication queues
2019-09-14 18:12:28,887 INFO org.apache.hadoop.hdfs.StateChange: STATE* Safe mode extension entered. 
The reported blocks 4 has reached the threshold 0.9990 of total blocks 5. The number of live datanodes 1 has reached the minimum number 0. In safe mode extension. Safe mode will be turned off automatically in 29 seconds.
2019-09-14 18:12:28,896 INFO BlockStateChange: BLOCK* processReport 0xe01f1be82eec0c69: from storage DS-92ae1d52-441f-4ca2-a766-5ae2586caf79 node DatanodeRegistration(127.0.0.1:50010, datanodeUuid=ac111be7-e5e2-4739-a447-9a91e6526547, infoPort=50075, infoSecurePort=0, ipcPort=50020, storageInfo=lv=-57;cid=CID-dfff0f8e-4ab4-47af-a1ed-a4df13ecd9ae;nsid=1558390335;c=1568249781568), blocks: 5, hasStaleStorage: false, processing time: 7 msecs, invalidatedBlocks: 0
2019-09-14 18:12:28,899 INFO org.apache.hadoop.hdfs.server.blockmanagement.BlockManager: Total number of blocks            = 5
2019-09-14 18:12:28,899 INFO org.apache.hadoop.hdfs.server.blockmanagement.BlockManager: Number of invalid blocks          = 0
2019-09-14 18:12:28,899 INFO org.apache.hadoop.hdfs.server.blockmanagement.BlockManager: Number of under-replicated blocks = 0
2019-09-14 18:12:28,899 INFO org.apache.hadoop.hdfs.server.blockmanagement.BlockManager: Number of  over-replicated blocks = 0
2019-09-14 18:12:28,899 INFO org.apache.hadoop.hdfs.server.blockmanagement.BlockManager: Number of blocks being written    = 0
2019-09-14 18:12:28,899 INFO org.apache.hadoop.hdfs.StateChange: STATE* Replication Queue initialization scan for invalid, over- and under-replicated blocks completed in 3 msec
2019-09-14 18:12:48,964 INFO org.apache.hadoop.hdfs.StateChange: STATE* Safe mode ON, in safe mode extension. 
The reported blocks 5 has reached the threshold 0.9990 of total blocks 5. The number of live datanodes 1 has reached the minimum number 0. In safe mode extension. Safe mode will be turned off automatically in 9 seconds.
2019-09-14 18:12:58,998 INFO org.apache.hadoop.hdfs.StateChange: STATE* Safe mode is OFF
2019-09-14 18:12:58,998 INFO org.apache.hadoop.hdfs.StateChange: STATE* Leaving safe mode after 35 secs
2019-09-14 18:12:58,998 INFO org.apache.hadoop.hdfs.StateChange: STATE* Network topology has 1 racks and 1 datanodes
2019-09-14 18:12:58,998 INFO org.apache.hadoop.hdfs.StateChange: STATE* UnderReplicatedBlocks has 0 blocks
2019-09-14 18:23:31,183 INFO org.apache.hadoop.hdfs.server.namenode.FSNamesystem: Roll Edit Log from 127.0.0.1
2019-09-14 18:23:31,183 INFO org.apache.hadoop.hdfs.server.namenode.FSEditLog: Rolling edit logs
2019-09-14 18:23:31,184 INFO org.apache.hadoop.hdfs.server.namenode.FSEditLog: Ending log segment 114, 114
2019-09-14 18:23:31,184 INFO org.apache.hadoop.hdfs.server.namenode.FSEditLog: Number of transactions: 2 Total time for transactions(ms): 1 Number of transactions batched in Syncs: 113 Number of syncs: 2 SyncTimes(ms): 131 
2019-09-14 18:23:31,366 INFO org.apache.hadoop.hdfs.server.namenode.FSEditLog: Number of transactions: 2 Total time for transactions(ms): 1 Number of transactions batched in Syncs: 113 Number of syncs: 3 SyncTimes(ms): 312 
2019-09-14 18:23:31,370 INFO org.apache.hadoop.hdfs.server.namenode.FileJournalManager: Finalizing edits file /usr/local/hadoop_tmp/hdfs/namenode/current/edits_inprogress_0000000000000000114 -> /usr/local/hadoop_tmp/hdfs/namenode/current/edits_0000000000000000114-0000000000000000115
2019-09-14 18:23:31,371 INFO org.apache.hadoop.hdfs.server.namenode.FSEditLog: Starting log segment at 116
2019-09-14 18:23:32,605 INFO org.apache.hadoop.hdfs.server.namenode.TransferFsImage: Sending fileName: /usr/local/hadoop_tmp/hdfs/namenode/current/fsimage_0000000000000000113, fileSize: 1741. Sent total: 1741 bytes. Size of last segment intended to send: -1 bytes.
2019-09-14 18:23:32,646 INFO org.apache.hadoop.hdfs.server.namenode.TransferFsImage: Sending fileName: /usr/local/hadoop_tmp/hdfs/namenode/current/edits_0000000000000000114-0000000000000000115, fileSize: 42. Sent total: 42 bytes. Size of last segment intended to send: -1 bytes.
2019-09-14 18:23:32,989 INFO org.apache.hadoop.hdfs.server.namenode.TransferFsImage: Combined time for fsimage download and fsync to all disks took 0.00s. The fsimage download took 0.00s at 1000.00 KB/s. Synchronous (fsync) write to disk of /usr/local/hadoop_tmp/hdfs/namenode/current/fsimage.ckpt_0000000000000000115 took 0.00s.
2019-09-14 18:23:32,989 INFO org.apache.hadoop.hdfs.server.namenode.TransferFsImage: Downloaded file fsimage.ckpt_0000000000000000115 size 1741 bytes.
2019-09-14 18:23:32,997 INFO org.apache.hadoop.hdfs.server.namenode.NNStorageRetentionManager: Going to retain 2 images with txid >= 113
2019-09-14 18:23:32,997 INFO org.apache.hadoop.hdfs.server.namenode.NNStorageRetentionManager: Purging old image FSImageFile(file=/usr/local/hadoop_tmp/hdfs/namenode/current/fsimage_0000000000000000002, cpktTxId=0000000000000000002)
2019-09-14 19:01:22,655 INFO org.apache.hadoop.hdfs.server.namenode.FSEditLog: Number of transactions: 2 Total time for transactions(ms): 4 Number of transactions batched in Syncs: 0 Number of syncs: 2 SyncTimes(ms): 56 
2019-09-14 19:04:40,940 INFO org.apache.hadoop.hdfs.server.namenode.FSEditLog: Number of transactions: 4 Total time for transactions(ms): 4 Number of transactions batched in Syncs: 0 Number of syncs: 4 SyncTimes(ms): 161 
2019-09-14 19:04:41,155 INFO org.apache.hadoop.hdfs.StateChange: BLOCK* allocate blk_1073741837_1013, replicas=127.0.0.1:50010 for /user1/input1/hashtags.txt._COPYING_
2019-09-14 19:04:41,337 INFO org.apache.hadoop.hdfs.server.namenode.FSNamesystem: BLOCK* blk_1073741837_1013 is COMMITTED but not COMPLETE(numNodes= 0 <  minimum = 1) in file /user1/input1/hashtags.txt._COPYING_
2019-09-14 19:04:41,772 INFO org.apache.hadoop.hdfs.StateChange: DIR* completeFile: /user1/input1/hashtags.txt._COPYING_ is closed by DFSClient_NONMAPREDUCE_-193522720_1
2019-09-14 19:14:21,852 INFO org.apache.hadoop.hdfs.server.namenode.FSEditLog: Number of transactions: 11 Total time for transactions(ms): 6 Number of transactions batched in Syncs: 1 Number of syncs: 10 SyncTimes(ms): 274 
2019-09-14 19:14:22,003 INFO org.apache.hadoop.hdfs.StateChange: BLOCK* allocate blk_1073741838_1014, replicas=127.0.0.1:50010 for /tmp/hadoop-yarn/staging/hduser/.staging/job_1568502788444_0001/job.jar
2019-09-14 19:14:22,114 INFO org.apache.hadoop.hdfs.StateChange: DIR* completeFile: /tmp/hadoop-yarn/staging/hduser/.staging/job_1568502788444_0001/job.jar is closed by DFSClient_NONMAPREDUCE_-1687635167_1
2019-09-14 19:14:22,130 INFO org.apache.hadoop.hdfs.server.namenode.FSDirectory: Increasing replication from 1 to 10 for /tmp/hadoop-yarn/staging/hduser/.staging/job_1568502788444_0001/job.jar
2019-09-14 19:16:09,631 INFO org.apache.hadoop.hdfs.server.namenode.FSEditLog: Number of transactions: 21 Total time for transactions(ms): 10 Number of transactions batched in Syncs: 3 Number of syncs: 18 SyncTimes(ms): 316 
2019-09-14 19:16:09,851 INFO org.apache.hadoop.hdfs.StateChange: BLOCK* allocate blk_1073741839_1015, replicas=127.0.0.1:50010 for /tmp/hadoop-yarn/staging/hduser/.staging/job_1568502788444_0002/job.jar
2019-09-14 19:16:09,971 INFO org.apache.hadoop.hdfs.StateChange: DIR* completeFile: /tmp/hadoop-yarn/staging/hduser/.staging/job_1568502788444_0002/job.jar is closed by DFSClient_NONMAPREDUCE_-1428177091_1
2019-09-14 19:16:09,980 INFO org.apache.hadoop.hdfs.server.namenode.FSDirectory: Increasing replication from 1 to 10 for /tmp/hadoop-yarn/staging/hduser/.staging/job_1568502788444_0002/job.jar
2019-09-14 19:16:10,101 INFO org.apache.hadoop.hdfs.server.namenode.FSDirectory: Increasing replication from 1 to 10 for /tmp/hadoop-yarn/staging/hduser/.staging/job_1568502788444_0002/job.split
2019-09-14 19:16:10,139 INFO org.apache.hadoop.hdfs.StateChange: BLOCK* allocate blk_1073741840_1016, replicas=127.0.0.1:50010 for /tmp/hadoop-yarn/staging/hduser/.staging/job_1568502788444_0002/job.split
2019-09-14 19:16:10,165 INFO org.apache.hadoop.hdfs.StateChange: DIR* completeFile: /tmp/hadoop-yarn/staging/hduser/.staging/job_1568502788444_0002/job.split is closed by DFSClient_NONMAPREDUCE_-1428177091_1
2019-09-14 19:16:10,192 INFO org.apache.hadoop.hdfs.StateChange: BLOCK* allocate blk_1073741841_1017, replicas=127.0.0.1:50010 for /tmp/hadoop-yarn/staging/hduser/.staging/job_1568502788444_0002/job.splitmetainfo
2019-09-14 19:16:10,229 INFO org.apache.hadoop.hdfs.StateChange: DIR* completeFile: /tmp/hadoop-yarn/staging/hduser/.staging/job_1568502788444_0002/job.splitmetainfo is closed by DFSClient_NONMAPREDUCE_-1428177091_1
2019-09-14 19:16:10,748 INFO org.apache.hadoop.hdfs.StateChange: BLOCK* allocate blk_1073741842_1018, replicas=127.0.0.1:50010 for /tmp/hadoop-yarn/staging/hduser/.staging/job_1568502788444_0002/job.xml
2019-09-14 19:16:10,796 INFO org.apache.hadoop.hdfs.StateChange: DIR* completeFile: /tmp/hadoop-yarn/staging/hduser/.staging/job_1568502788444_0002/job.xml is closed by DFSClient_NONMAPREDUCE_-1428177091_1
2019-09-14 19:16:20,509 INFO org.apache.hadoop.hdfs.StateChange: BLOCK* allocate blk_1073741843_1019, replicas=127.0.0.1:50010 for /tmp/hadoop-yarn/staging/hduser/.staging/job_1568502788444_0002/job_1568502788444_0002_1_conf.xml
2019-09-14 19:16:20,556 INFO org.apache.hadoop.hdfs.StateChange: DIR* completeFile: /tmp/hadoop-yarn/staging/hduser/.staging/job_1568502788444_0002/job_1568502788444_0002_1_conf.xml is closed by DFSClient_NONMAPREDUCE_997863237_1
2019-09-14 19:16:26,798 INFO org.apache.hadoop.hdfs.StateChange: BLOCK* allocate blk_1073741844_1020, replicas=127.0.0.1:50010 for /tmp/hadoop-yarn/staging/hduser/.staging/job_1568502788444_0002/job_1568502788444_0002_1.jhist
2019-09-14 19:16:26,998 INFO org.apache.hadoop.hdfs.StateChange: BLOCK* fsync: /tmp/hadoop-yarn/staging/hduser/.staging/job_1568502788444_0002/job_1568502788444_0002_1.jhist for DFSClient_NONMAPREDUCE_997863237_1
2019-09-14 19:16:32,982 INFO org.apache.hadoop.hdfs.StateChange: BLOCK* allocate blk_1073741845_1021, replicas=127.0.0.1:50010 for /user/hduser/output1/_temporary/1/_temporary/attempt_1568502788444_0002_r_000000_0/part-r-00000
2019-09-14 19:16:33,091 INFO org.apache.hadoop.hdfs.StateChange: DIR* completeFile: /user/hduser/output1/_temporary/1/_temporary/attempt_1568502788444_0002_r_000000_0/part-r-00000 is closed by DFSClient_attempt_1568502788444_0002_r_000000_0_-1539484477_1
2019-09-14 19:16:33,308 INFO org.apache.hadoop.hdfs.StateChange: DIR* completeFile: /tmp/hadoop-yarn/staging/hduser/.staging/job_1568502788444_0002/COMMIT_STARTED is closed by DFSClient_NONMAPREDUCE_997863237_1
2019-09-14 19:16:33,385 INFO org.apache.hadoop.hdfs.StateChange: DIR* completeFile: /user/hduser/output1/_SUCCESS is closed by DFSClient_NONMAPREDUCE_997863237_1
2019-09-14 19:16:33,395 INFO org.apache.hadoop.hdfs.StateChange: DIR* completeFile: /tmp/hadoop-yarn/staging/hduser/.staging/job_1568502788444_0002/COMMIT_SUCCESS is closed by DFSClient_NONMAPREDUCE_997863237_1
2019-09-14 19:16:33,462 INFO org.apache.hadoop.hdfs.StateChange: DIR* completeFile: /tmp/hadoop-yarn/staging/hduser/.staging/job_1568502788444_0002/job_1568502788444_0002_1.jhist is closed by DFSClient_NONMAPREDUCE_997863237_1
2019-09-14 19:16:33,492 INFO org.apache.hadoop.hdfs.StateChange: BLOCK* allocate blk_1073741846_1022, replicas=127.0.0.1:50010 for /tmp/hadoop-yarn/staging/history/done_intermediate/hduser/job_1568502788444_0002.summary_tmp
2019-09-14 19:16:33,515 INFO org.apache.hadoop.hdfs.StateChange: DIR* completeFile: /tmp/hadoop-yarn/staging/history/done_intermediate/hduser/job_1568502788444_0002.summary_tmp is closed by DFSClient_NONMAPREDUCE_997863237_1
2019-09-14 19:16:33,575 INFO org.apache.hadoop.hdfs.StateChange: BLOCK* allocate blk_1073741847_1023, replicas=127.0.0.1:50010 for /tmp/hadoop-yarn/staging/history/done_intermediate/hduser/job_1568502788444_0002-1568506571122-hduser-word+count-1568506593403-1-1-SUCCEEDED-default-1568506580018.jhist_tmp
2019-09-14 19:16:33,596 INFO org.apache.hadoop.hdfs.server.namenode.FSNamesystem: BLOCK* blk_1073741847_1023 is COMMITTED but not COMPLETE(numNodes= 0 <  minimum = 1) in file /tmp/hadoop-yarn/staging/history/done_intermediate/hduser/job_1568502788444_0002-1568506571122-hduser-word+count-1568506593403-1-1-SUCCEEDED-default-1568506580018.jhist_tmp
2019-09-14 19:16:34,005 INFO org.apache.hadoop.hdfs.StateChange: DIR* completeFile: /tmp/hadoop-yarn/staging/history/done_intermediate/hduser/job_1568502788444_0002-1568506571122-hduser-word+count-1568506593403-1-1-SUCCEEDED-default-1568506580018.jhist_tmp is closed by DFSClient_NONMAPREDUCE_997863237_1
2019-09-14 19:16:34,064 INFO org.apache.hadoop.hdfs.StateChange: BLOCK* allocate blk_1073741848_1024, replicas=127.0.0.1:50010 for /tmp/hadoop-yarn/staging/history/done_intermediate/hduser/job_1568502788444_0002_conf.xml_tmp
2019-09-14 19:16:34,088 INFO org.apache.hadoop.hdfs.StateChange: DIR* completeFile: /tmp/hadoop-yarn/staging/history/done_intermediate/hduser/job_1568502788444_0002_conf.xml_tmp is closed by DFSClient_NONMAPREDUCE_997863237_1
2019-09-14 19:23:33,794 INFO org.apache.hadoop.hdfs.server.namenode.FSNamesystem: Roll Edit Log from 127.0.0.1
2019-09-14 19:23:33,794 INFO org.apache.hadoop.hdfs.server.namenode.FSEditLog: Rolling edit logs
2019-09-14 19:23:33,794 INFO org.apache.hadoop.hdfs.server.namenode.FSEditLog: Ending log segment 116, 215
2019-09-14 19:23:33,795 INFO org.apache.hadoop.hdfs.server.namenode.FSEditLog: Number of transactions: 101 Total time for transactions(ms): 21 Number of transactions batched in Syncs: 24 Number of syncs: 77 SyncTimes(ms): 875 
2019-09-14 19:23:33,798 INFO org.apache.hadoop.hdfs.server.namenode.FSEditLog: Number of transactions: 101 Total time for transactions(ms): 21 Number of transactions batched in Syncs: 24 Number of syncs: 78 SyncTimes(ms): 878 
2019-09-14 19:23:33,799 INFO org.apache.hadoop.hdfs.server.namenode.FileJournalManager: Finalizing edits file /usr/local/hadoop_tmp/hdfs/namenode/current/edits_inprogress_0000000000000000116 -> /usr/local/hadoop_tmp/hdfs/namenode/current/edits_0000000000000000116-0000000000000000216
2019-09-14 19:23:33,799 INFO org.apache.hadoop.hdfs.server.namenode.FSEditLog: Starting log segment at 217
2019-09-14 19:23:33,838 INFO org.apache.hadoop.hdfs.server.namenode.TransferFsImage: Sending fileName: /usr/local/hadoop_tmp/hdfs/namenode/current/edits_0000000000000000116-0000000000000000216, fileSize: 12538. Sent total: 12538 bytes. Size of last segment intended to send: -1 bytes.
2019-09-14 19:23:33,973 INFO org.apache.hadoop.hdfs.server.namenode.TransferFsImage: Combined time for fsimage download and fsync to all disks took 0.00s. The fsimage download took 0.00s at 2000.00 KB/s. Synchronous (fsync) write to disk of /usr/local/hadoop_tmp/hdfs/namenode/current/fsimage.ckpt_0000000000000000216 took 0.00s.
2019-09-14 19:23:33,973 INFO org.apache.hadoop.hdfs.server.namenode.TransferFsImage: Downloaded file fsimage.ckpt_0000000000000000216 size 2551 bytes.
2019-09-14 19:23:33,981 INFO org.apache.hadoop.hdfs.server.namenode.NNStorageRetentionManager: Going to retain 2 images with txid >= 115
2019-09-14 19:23:33,981 INFO org.apache.hadoop.hdfs.server.namenode.NNStorageRetentionManager: Purging old image FSImageFile(file=/usr/local/hadoop_tmp/hdfs/namenode/current/fsimage_0000000000000000113, cpktTxId=0000000000000000113)
2019-09-14 19:27:02,202 INFO logs: Aliases are enabled
